<?xml version="1.0" encoding="utf-8"?><testsuites name="pytest tests"><testsuite name="pytest" errors="15" failures="35" skipped="1" tests="527" time="141.999" timestamp="2026-03-07T19:16:51.480937+05:30" hostname="RAZINs-MacBook-Air.local"><properties>
[...]
</properties><testcase classname="tests.test_audit_logger.TestAuditLogger" name="test_log_upload_operation" time="0.001"><error message="failed on setup with &quot;sqlalchemy.exc.NoReferencedTableError: Foreign key associated with column 'audit_logs.user_id' could not find table 'users' with which to generate a foreign key to target column 'id'&quot;">tests/test_audit_logger.py:52: in db_session
    TestBase.metadata.create_all(engine)
venv/lib/python3.14/site-packages/sqlalchemy/sql/schema.py:5928: in create_all
    bind._run_ddl_visitor(
venv/lib/python3.14/site-packages/sqlalchemy/engine/base.py:3268: in _run_ddl_visitor
    conn._run_ddl_visitor(visitorcallable, element, **kwargs)
venv/lib/python3.14/site-packages/sqlalchemy/engine/base.py:2467: in _run_ddl_visitor
    ).traverse_single(element)
      ^^^^^^^^^^^^^^^^^^^^^^^^
venv/lib/python3.14/site-packages/sqlalchemy/sql/visitors.py:661: in traverse_single
    return meth(obj, **kw)
           ^^^^^^^^^^^^^^^
venv/lib/python3.14/site-packages/sqlalchemy/sql/ddl.py:962: in visit_metadata
    collection = sort_tables_and_constraints(
venv/lib/python3.14/site-packages/sqlalchemy/sql/ddl.py:1394: in sort_tables_and_constraints
    dependent_on = fkc.referred_table
                   ^^^^^^^^^^^^^^^^^^
venv/lib/python3.14/site-packages/sqlalchemy/sql/schema.py:4799: in referred_table
    return self.elements[0].column.table
           ^^^^^^^^^^^^^^^^^^^^^^^
venv/lib/python3.14/site-packages/sqlalchemy/util/langhelpers.py:1123: in __get__
    obj.__dict__[self.__name__] = result = self.fget(obj)
                                           ^^^^^^^^^^^^^^
venv/lib/python3.14/site-packages/sqlalchemy/sql/schema.py:3199: in column
    return self._resolve_column()
           ^^^^^^^^^^^^^^^^^^^^^^
venv/lib/python3.14/site-packages/sqlalchemy/sql/schema.py:3222: in _resolve_column
    raise exc.NoReferencedTableError(
E   sqlalchemy.exc.NoReferencedTableError: Foreign key associated with column 'audit_logs.user_id' could not find table 'users' with which to generate a foreign key to target column 'id'</error></testcase><testcase classname="tests.test_audit_logger.TestAuditLogger" name="test_log_retrieve_operation" time="0.001"><error message="failed on setup with &quot;sqlalchemy.exc.NoReferencedTableError: Foreign key associated with column 'audit_logs.user_id' could not find table 'users' with which to generate a foreign key to target column 'id'&quot;">tests/test_audit_logger.py:52: in db_session
    TestBase.metadata.create_all(engine)
venv/lib/python3.14/site-packages/sqlalchemy/sql/schema.py:5928: in create_all
    bind._run_ddl_visitor(
venv/lib/python3.14/site-packages/sqlalchemy/engine/base.py:3268: in _run_ddl_visitor
    conn._run_ddl_visitor(visitorcallable, element, **kwargs)
venv/lib/python3.14/site-packages/sqlalchemy/engine/base.py:2467: in _run_ddl_visitor
    ).traverse_single(element)
      ^^^^^^^^^^^^^^^^^^^^^^^^
venv/lib/python3.14/site-packages/sqlalchemy/sql/visitors.py:661: in traverse_single
    return meth(obj, **kw)
           ^^^^^^^^^^^^^^^
venv/lib/python3.14/site-packages/sqlalchemy/sql/ddl.py:962: in visit_metadata
    collection = sort_tables_and_constraints(
venv/lib/python3.14/site-packages/sqlalchemy/sql/ddl.py:1394: in sort_tables_and_constraints
    dependent_on = fkc.referred_table
                   ^^^^^^^^^^^^^^^^^^
venv/lib/python3.14/site-packages/sqlalchemy/sql/schema.py:4799: in referred_table
    return self.elements[0].column.table
           ^^^^^^^^^^^^^^^^^^^^^^^
venv/lib/python3.14/site-packages/sqlalchemy/util/langhelpers.py:1123: in __get__
    obj.__dict__[self.__name__] = result = self.fget(obj)
                                           ^^^^^^^^^^^^^^
venv/lib/python3.14/site-packages/sqlalchemy/sql/schema.py:3199: in column
    return self._resolve_column()
           ^^^^^^^^^^^^^^^^^^^^^^
venv/lib/python3.14/site-packages/sqlalchemy/sql/schema.py:3222: in _resolve_column
    raise exc.NoReferencedTableError(
E   sqlalchemy.exc.NoReferencedTableError: Foreign key associated with column 'audit_logs.user_id' could not find table 'users' with which to generate a foreign key to target column 'id'</error></testcase><testcase classname="tests.test_audit_logger.TestAuditLogger" name="test_log_delete_operation" time="0.001"><error message="failed on setup with &quot;sqlalchemy.exc.NoReferencedTableError: Foreign key associated with column 'audit_logs.user_id' could not find table 'users' with which to generate a foreign key to target column 'id'&quot;">tests/test_audit_logger.py:52: in db_session
    TestBase.metadata.create_all(engine)
venv/lib/python3.14/site-packages/sqlalchemy/sql/schema.py:5928: in create_all
    bind._run_ddl_visitor(
venv/lib/python3.14/site-packages/sqlalchemy/engine/base.py:3268: in _run_ddl_visitor
    conn._run_ddl_visitor(visitorcallable, element, **kwargs)
venv/lib/python3.14/site-packages/sqlalchemy/engine/base.py:2467: in _run_ddl_visitor
    ).traverse_single(element)
      ^^^^^^^^^^^^^^^^^^^^^^^^
venv/lib/python3.14/site-packages/sqlalchemy/sql/visitors.py:661: in traverse_single
    return meth(obj, **kw)
           ^^^^^^^^^^^^^^^
venv/lib/python3.14/site-packages/sqlalchemy/sql/ddl.py:962: in visit_metadata
    collection = sort_tables_and_constraints(
venv/lib/python3.14/site-packages/sqlalchemy/sql/ddl.py:1394: in sort_tables_and_constraints
    dependent_on = fkc.referred_table
                   ^^^^^^^^^^^^^^^^^^
venv/lib/python3.14/site-packages/sqlalchemy/sql/schema.py:4799: in referred_table
    return self.elements[0].column.table
           ^^^^^^^^^^^^^^^^^^^^^^^
venv/lib/python3.14/site-packages/sqlalchemy/util/langhelpers.py:1123: in __get__
    obj.__dict__[self.__name__] = result = self.fget(obj)
                                           ^^^^^^^^^^^^^^
venv/lib/python3.14/site-packages/sqlalchemy/sql/schema.py:3199: in column
    return self._resolve_column()
           ^^^^^^^^^^^^^^^^^^^^^^
venv/lib/python3.14/site-packages/sqlalchemy/sql/schema.py:3222: in _resolve_column
    raise exc.NoReferencedTableError(
E   sqlalchemy.exc.NoReferencedTableError: Foreign key associated with column 'audit_logs.user_id' could not find table 'users' with which to generate a foreign key to target column 'id'</error></testcase><testcase classname="tests.test_audit_logger.TestAuditLogger" name="test_log_failed_operation" time="0.001"><error message="failed on setup with &quot;sqlalchemy.exc.NoReferencedTableError: Foreign key associated with column 'audit_logs.user_id' could not find table 'users' with which to generate a foreign key to target column 'id'&quot;">tests/test_audit_logger.py:52: in db_session
    TestBase.metadata.create_all(engine)
venv/lib/python3.14/site-packages/sqlalchemy/sql/schema.py:5928: in create_all
    bind._run_ddl_visitor(
venv/lib/python3.14/site-packages/sqlalchemy/engine/base.py:3268: in _run_ddl_visitor
    conn._run_ddl_visitor(visitorcallable, element, **kwargs)
venv/lib/python3.14/site-packages/sqlalchemy/engine/base.py:2467: in _run_ddl_visitor
    ).traverse_single(element)
      ^^^^^^^^^^^^^^^^^^^^^^^^
venv/lib/python3.14/site-packages/sqlalchemy/sql/visitors.py:661: in traverse_single
    return meth(obj, **kw)
           ^^^^^^^^^^^^^^^
venv/lib/python3.14/site-packages/sqlalchemy/sql/ddl.py:962: in visit_metadata
    collection = sort_tables_and_constraints(
venv/lib/python3.14/site-packages/sqlalchemy/sql/ddl.py:1394: in sort_tables_and_constraints
    dependent_on = fkc.referred_table
                   ^^^^^^^^^^^^^^^^^^
venv/lib/python3.14/site-packages/sqlalchemy/sql/schema.py:4799: in referred_table
    return self.elements[0].column.table
           ^^^^^^^^^^^^^^^^^^^^^^^
venv/lib/python3.14/site-packages/sqlalchemy/util/langhelpers.py:1123: in __get__
    obj.__dict__[self.__name__] = result = self.fget(obj)
                                           ^^^^^^^^^^^^^^
venv/lib/python3.14/site-packages/sqlalchemy/sql/schema.py:3199: in column
    return self._resolve_column()
           ^^^^^^^^^^^^^^^^^^^^^^
venv/lib/python3.14/site-packages/sqlalchemy/sql/schema.py:3222: in _resolve_column
    raise exc.NoReferencedTableError(
E   sqlalchemy.exc.NoReferencedTableError: Foreign key associated with column 'audit_logs.user_id' could not find table 'users' with which to generate a foreign key to target column 'id'</error></testcase><testcase classname="tests.test_audit_logger.TestAuditLogger" name="test_get_user_logs" time="0.001"><error message="failed on setup with &quot;sqlalchemy.exc.NoReferencedTableError: Foreign key associated with column 'audit_logs.user_id' could not find table 'users' with which to generate a foreign key to target column 'id'&quot;">tests/test_audit_logger.py:52: in db_session
    TestBase.metadata.create_all(engine)
venv/lib/python3.14/site-packages/sqlalchemy/sql/schema.py:5928: in create_all
    bind._run_ddl_visitor(
venv/lib/python3.14/site-packages/sqlalchemy/engine/base.py:3268: in _run_ddl_visitor
    conn._run_ddl_visitor(visitorcallable, element, **kwargs)
venv/lib/python3.14/site-packages/sqlalchemy/engine/base.py:2467: in _run_ddl_visitor
    ).traverse_single(element)
      ^^^^^^^^^^^^^^^^^^^^^^^^
venv/lib/python3.14/site-packages/sqlalchemy/sql/visitors.py:661: in traverse_single
    return meth(obj, **kw)
           ^^^^^^^^^^^^^^^
venv/lib/python3.14/site-packages/sqlalchemy/sql/ddl.py:962: in visit_metadata
    collection = sort_tables_and_constraints(
venv/lib/python3.14/site-packages/sqlalchemy/sql/ddl.py:1394: in sort_tables_and_constraints
    dependent_on = fkc.referred_table
                   ^^^^^^^^^^^^^^^^^^
venv/lib/python3.14/site-packages/sqlalchemy/sql/schema.py:4799: in referred_table
    return self.elements[0].column.table
           ^^^^^^^^^^^^^^^^^^^^^^^
venv/lib/python3.14/site-packages/sqlalchemy/util/langhelpers.py:1123: in __get__
    obj.__dict__[self.__name__] = result = self.fget(obj)
                                           ^^^^^^^^^^^^^^
venv/lib/python3.14/site-packages/sqlalchemy/sql/schema.py:3199: in column
    return self._resolve_column()
           ^^^^^^^^^^^^^^^^^^^^^^
venv/lib/python3.14/site-packages/sqlalchemy/sql/schema.py:3222: in _resolve_column
    raise exc.NoReferencedTableError(
E   sqlalchemy.exc.NoReferencedTableError: Foreign key associated with column 'audit_logs.user_id' could not find table 'users' with which to generate a foreign key to target column 'id'</error></testcase><testcase classname="tests.test_audit_logger.TestAuditLogger" name="test_get_document_logs" time="0.001"><error message="failed on setup with &quot;sqlalchemy.exc.NoReferencedTableError: Foreign key associated with column 'audit_logs.user_id' could not find table 'users' with which to generate a foreign key to target column 'id'&quot;">tests/test_audit_logger.py:52: in db_session
    TestBase.metadata.create_all(engine)
venv/lib/python3.14/site-packages/sqlalchemy/sql/schema.py:5928: in create_all
    bind._run_ddl_visitor(
venv/lib/python3.14/site-packages/sqlalchemy/engine/base.py:3268: in _run_ddl_visitor
    conn._run_ddl_visitor(visitorcallable, element, **kwargs)
venv/lib/python3.14/site-packages/sqlalchemy/engine/base.py:2467: in _run_ddl_visitor
    ).traverse_single(element)
      ^^^^^^^^^^^^^^^^^^^^^^^^
venv/lib/python3.14/site-packages/sqlalchemy/sql/visitors.py:661: in traverse_single
    return meth(obj, **kw)
           ^^^^^^^^^^^^^^^
venv/lib/python3.14/site-packages/sqlalchemy/sql/ddl.py:962: in visit_metadata
    collection = sort_tables_and_constraints(
venv/lib/python3.14/site-packages/sqlalchemy/sql/ddl.py:1394: in sort_tables_and_constraints
    dependent_on = fkc.referred_table
                   ^^^^^^^^^^^^^^^^^^
venv/lib/python3.14/site-packages/sqlalchemy/sql/schema.py:4799: in referred_table
    return self.elements[0].column.table
           ^^^^^^^^^^^^^^^^^^^^^^^
venv/lib/python3.14/site-packages/sqlalchemy/util/langhelpers.py:1123: in __get__
    obj.__dict__[self.__name__] = result = self.fget(obj)
                                           ^^^^^^^^^^^^^^
venv/lib/python3.14/site-packages/sqlalchemy/sql/schema.py:3199: in column
    return self._resolve_column()
           ^^^^^^^^^^^^^^^^^^^^^^
venv/lib/python3.14/site-packages/sqlalchemy/sql/schema.py:3222: in _resolve_column
    raise exc.NoReferencedTableError(
E   sqlalchemy.exc.NoReferencedTableError: Foreign key associated with column 'audit_logs.user_id' could not find table 'users' with which to generate a foreign key to target column 'id'</error></testcase><testcase classname="tests.test_audit_logger.TestAuditLogger" name="test_get_logs_by_action" time="0.001"><error message="failed on setup with &quot;sqlalchemy.exc.NoReferencedTableError: Foreign key associated with column 'audit_logs.user_id' could not find table 'users' with which to generate a foreign key to target column 'id'&quot;">tests/test_audit_logger.py:52: in db_session
    TestBase.metadata.create_all(engine)
venv/lib/python3.14/site-packages/sqlalchemy/sql/schema.py:5928: in create_all
    bind._run_ddl_visitor(
venv/lib/python3.14/site-packages/sqlalchemy/engine/base.py:3268: in _run_ddl_visitor
    conn._run_ddl_visitor(visitorcallable, element, **kwargs)
venv/lib/python3.14/site-packages/sqlalchemy/engine/base.py:2467: in _run_ddl_visitor
    ).traverse_single(element)
      ^^^^^^^^^^^^^^^^^^^^^^^^
venv/lib/python3.14/site-packages/sqlalchemy/sql/visitors.py:661: in traverse_single
    return meth(obj, **kw)
           ^^^^^^^^^^^^^^^
venv/lib/python3.14/site-packages/sqlalchemy/sql/ddl.py:962: in visit_metadata
    collection = sort_tables_and_constraints(
venv/lib/python3.14/site-packages/sqlalchemy/sql/ddl.py:1394: in sort_tables_and_constraints
    dependent_on = fkc.referred_table
                   ^^^^^^^^^^^^^^^^^^
venv/lib/python3.14/site-packages/sqlalchemy/sql/schema.py:4799: in referred_table
    return self.elements[0].column.table
           ^^^^^^^^^^^^^^^^^^^^^^^
venv/lib/python3.14/site-packages/sqlalchemy/util/langhelpers.py:1123: in __get__
    obj.__dict__[self.__name__] = result = self.fget(obj)
                                           ^^^^^^^^^^^^^^
venv/lib/python3.14/site-packages/sqlalchemy/sql/schema.py:3199: in column
    return self._resolve_column()
           ^^^^^^^^^^^^^^^^^^^^^^
venv/lib/python3.14/site-packages/sqlalchemy/sql/schema.py:3222: in _resolve_column
    raise exc.NoReferencedTableError(
E   sqlalchemy.exc.NoReferencedTableError: Foreign key associated with column 'audit_logs.user_id' could not find table 'users' with which to generate a foreign key to target column 'id'</error></testcase><testcase classname="tests.test_audit_logger.TestAuditLogger" name="test_get_logs_by_date_range" time="0.001"><error message="failed on setup with &quot;sqlalchemy.exc.NoReferencedTableError: Foreign key associated with column 'audit_logs.user_id' could not find table 'users' with which to generate a foreign key to target column 'id'&quot;">tests/test_audit_logger.py:52: in db_session
    TestBase.metadata.create_all(engine)
venv/lib/python3.14/site-packages/sqlalchemy/sql/schema.py:5928: in create_all
    bind._run_ddl_visitor(
venv/lib/python3.14/site-packages/sqlalchemy/engine/base.py:3268: in _run_ddl_visitor
    conn._run_ddl_visitor(visitorcallable, element, **kwargs)
venv/lib/python3.14/site-packages/sqlalchemy/engine/base.py:2467: in _run_ddl_visitor
    ).traverse_single(element)
      ^^^^^^^^^^^^^^^^^^^^^^^^
venv/lib/python3.14/site-packages/sqlalchemy/sql/visitors.py:661: in traverse_single
    return meth(obj, **kw)
           ^^^^^^^^^^^^^^^
venv/lib/python3.14/site-packages/sqlalchemy/sql/ddl.py:962: in visit_metadata
    collection = sort_tables_and_constraints(
venv/lib/python3.14/site-packages/sqlalchemy/sql/ddl.py:1394: in sort_tables_and_constraints
    dependent_on = fkc.referred_table
                   ^^^^^^^^^^^^^^^^^^
venv/lib/python3.14/site-packages/sqlalchemy/sql/schema.py:4799: in referred_table
    return self.elements[0].column.table
           ^^^^^^^^^^^^^^^^^^^^^^^
venv/lib/python3.14/site-packages/sqlalchemy/util/langhelpers.py:1123: in __get__
    obj.__dict__[self.__name__] = result = self.fget(obj)
                                           ^^^^^^^^^^^^^^
venv/lib/python3.14/site-packages/sqlalchemy/sql/schema.py:3199: in column
    return self._resolve_column()
           ^^^^^^^^^^^^^^^^^^^^^^
venv/lib/python3.14/site-packages/sqlalchemy/sql/schema.py:3222: in _resolve_column
    raise exc.NoReferencedTableError(
E   sqlalchemy.exc.NoReferencedTableError: Foreign key associated with column 'audit_logs.user_id' could not find table 'users' with which to generate a foreign key to target column 'id'</error></testcase><testcase classname="tests.test_audit_logger.TestAuditLogger" name="test_get_logs_with_filters" time="0.001"><error message="failed on setup with &quot;sqlalchemy.exc.NoReferencedTableError: Foreign key associated with column 'audit_logs.user_id' could not find table 'users' with which to generate a foreign key to target column 'id'&quot;">tests/test_audit_logger.py:52: in db_session
    TestBase.metadata.create_all(engine)
venv/lib/python3.14/site-packages/sqlalchemy/sql/schema.py:5928: in create_all
    bind._run_ddl_visitor(
venv/lib/python3.14/site-packages/sqlalchemy/engine/base.py:3268: in _run_ddl_visitor
    conn._run_ddl_visitor(visitorcallable, element, **kwargs)
venv/lib/python3.14/site-packages/sqlalchemy/engine/base.py:2467: in _run_ddl_visitor
    ).traverse_single(element)
      ^^^^^^^^^^^^^^^^^^^^^^^^
venv/lib/python3.14/site-packages/sqlalchemy/sql/visitors.py:661: in traverse_single
    return meth(obj, **kw)
           ^^^^^^^^^^^^^^^
venv/lib/python3.14/site-packages/sqlalchemy/sql/ddl.py:962: in visit_metadata
    collection = sort_tables_and_constraints(
venv/lib/python3.14/site-packages/sqlalchemy/sql/ddl.py:1394: in sort_tables_and_constraints
    dependent_on = fkc.referred_table
                   ^^^^^^^^^^^^^^^^^^
venv/lib/python3.14/site-packages/sqlalchemy/sql/schema.py:4799: in referred_table
    return self.elements[0].column.table
           ^^^^^^^^^^^^^^^^^^^^^^^
venv/lib/python3.14/site-packages/sqlalchemy/util/langhelpers.py:1123: in __get__
    obj.__dict__[self.__name__] = result = self.fget(obj)
                                           ^^^^^^^^^^^^^^
venv/lib/python3.14/site-packages/sqlalchemy/sql/schema.py:3199: in column
    return self._resolve_column()
           ^^^^^^^^^^^^^^^^^^^^^^
venv/lib/python3.14/site-packages/sqlalchemy/sql/schema.py:3222: in _resolve_column
    raise exc.NoReferencedTableError(
E   sqlalchemy.exc.NoReferencedTableError: Foreign key associated with column 'audit_logs.user_id' could not find table 'users' with which to generate a foreign key to target column 'id'</error></testcase><testcase classname="tests.test_audit_logger.TestAuditLogger" name="test_count_logs" time="0.001"><error message="failed on setup with &quot;sqlalchemy.exc.NoReferencedTableError: Foreign key associated with column 'audit_logs.user_id' could not find table 'users' with which to generate a foreign key to target column 'id'&quot;">tests/test_audit_logger.py:52: in db_session
    TestBase.metadata.create_all(engine)
venv/lib/python3.14/site-packages/sqlalchemy/sql/schema.py:5928: in create_all
    bind._run_ddl_visitor(
venv/lib/python3.14/site-packages/sqlalchemy/engine/base.py:3268: in _run_ddl_visitor
    conn._run_ddl_visitor(visitorcallable, element, **kwargs)
venv/lib/python3.14/site-packages/sqlalchemy/engine/base.py:2467: in _run_ddl_visitor
    ).traverse_single(element)
      ^^^^^^^^^^^^^^^^^^^^^^^^
venv/lib/python3.14/site-packages/sqlalchemy/sql/visitors.py:661: in traverse_single
    return meth(obj, **kw)
           ^^^^^^^^^^^^^^^
venv/lib/python3.14/site-packages/sqlalchemy/sql/ddl.py:962: in visit_metadata
    collection = sort_tables_and_constraints(
venv/lib/python3.14/site-packages/sqlalchemy/sql/ddl.py:1394: in sort_tables_and_constraints
    dependent_on = fkc.referred_table
                   ^^^^^^^^^^^^^^^^^^
venv/lib/python3.14/site-packages/sqlalchemy/sql/schema.py:4799: in referred_table
    return self.elements[0].column.table
           ^^^^^^^^^^^^^^^^^^^^^^^
venv/lib/python3.14/site-packages/sqlalchemy/util/langhelpers.py:1123: in __get__
    obj.__dict__[self.__name__] = result = self.fget(obj)
                                           ^^^^^^^^^^^^^^
venv/lib/python3.14/site-packages/sqlalchemy/sql/schema.py:3199: in column
    return self._resolve_column()
           ^^^^^^^^^^^^^^^^^^^^^^
venv/lib/python3.14/site-packages/sqlalchemy/sql/schema.py:3222: in _resolve_column
    raise exc.NoReferencedTableError(
E   sqlalchemy.exc.NoReferencedTableError: Foreign key associated with column 'audit_logs.user_id' could not find table 'users' with which to generate a foreign key to target column 'id'</error></testcase><testcase classname="tests.test_audit_logger.TestAuditLogger" name="test_pagination" time="0.001"><error message="failed on setup with &quot;sqlalchemy.exc.NoReferencedTableError: Foreign key associated with column 'audit_logs.user_id' could not find table 'users' with which to generate a foreign key to target column 'id'&quot;">tests/test_audit_logger.py:52: in db_session
    TestBase.metadata.create_all(engine)
venv/lib/python3.14/site-packages/sqlalchemy/sql/schema.py:5928: in create_all
    bind._run_ddl_visitor(
venv/lib/python3.14/site-packages/sqlalchemy/engine/base.py:3268: in _run_ddl_visitor
    conn._run_ddl_visitor(visitorcallable, element, **kwargs)
venv/lib/python3.14/site-packages/sqlalchemy/engine/base.py:2467: in _run_ddl_visitor
    ).traverse_single(element)
      ^^^^^^^^^^^^^^^^^^^^^^^^
venv/lib/python3.14/site-packages/sqlalchemy/sql/visitors.py:661: in traverse_single
    return meth(obj, **kw)
           ^^^^^^^^^^^^^^^
venv/lib/python3.14/site-packages/sqlalchemy/sql/ddl.py:962: in visit_metadata
    collection = sort_tables_and_constraints(
venv/lib/python3.14/site-packages/sqlalchemy/sql/ddl.py:1394: in sort_tables_and_constraints
    dependent_on = fkc.referred_table
                   ^^^^^^^^^^^^^^^^^^
venv/lib/python3.14/site-packages/sqlalchemy/sql/schema.py:4799: in referred_table
    return self.elements[0].column.table
           ^^^^^^^^^^^^^^^^^^^^^^^
venv/lib/python3.14/site-packages/sqlalchemy/util/langhelpers.py:1123: in __get__
    obj.__dict__[self.__name__] = result = self.fget(obj)
                                           ^^^^^^^^^^^^^^
venv/lib/python3.14/site-packages/sqlalchemy/sql/schema.py:3199: in column
    return self._resolve_column()
           ^^^^^^^^^^^^^^^^^^^^^^
venv/lib/python3.14/site-packages/sqlalchemy/sql/schema.py:3222: in _resolve_column
    raise exc.NoReferencedTableError(
E   sqlalchemy.exc.NoReferencedTableError: Foreign key associated with column 'audit_logs.user_id' could not find table 'users' with which to generate a foreign key to target column 'id'</error></testcase><testcase classname="tests.test_audit_logger.TestAuditLogger" name="test_logs_ordered_by_timestamp" time="0.001"><error message="failed on setup with &quot;sqlalchemy.exc.NoReferencedTableError: Foreign key associated with column 'audit_logs.user_id' could not find table 'users' with which to generate a foreign key to target column 'id'&quot;">tests/test_audit_logger.py:52: in db_session
    TestBase.metadata.create_all(engine)
venv/lib/python3.14/site-packages/sqlalchemy/sql/schema.py:5928: in create_all
    bind._run_ddl_visitor(
venv/lib/python3.14/site-packages/sqlalchemy/engine/base.py:3268: in _run_ddl_visitor
    conn._run_ddl_visitor(visitorcallable, element, **kwargs)
venv/lib/python3.14/site-packages/sqlalchemy/engine/base.py:2467: in _run_ddl_visitor
    ).traverse_single(element)
      ^^^^^^^^^^^^^^^^^^^^^^^^
venv/lib/python3.14/site-packages/sqlalchemy/sql/visitors.py:661: in traverse_single
    return meth(obj, **kw)
           ^^^^^^^^^^^^^^^
venv/lib/python3.14/site-packages/sqlalchemy/sql/ddl.py:962: in visit_metadata
    collection = sort_tables_and_constraints(
venv/lib/python3.14/site-packages/sqlalchemy/sql/ddl.py:1394: in sort_tables_and_constraints
    dependent_on = fkc.referred_table
                   ^^^^^^^^^^^^^^^^^^
venv/lib/python3.14/site-packages/sqlalchemy/sql/schema.py:4799: in referred_table
    return self.elements[0].column.table
           ^^^^^^^^^^^^^^^^^^^^^^^
venv/lib/python3.14/site-packages/sqlalchemy/util/langhelpers.py:1123: in __get__
    obj.__dict__[self.__name__] = result = self.fget(obj)
                                           ^^^^^^^^^^^^^^
venv/lib/python3.14/site-packages/sqlalchemy/sql/schema.py:3199: in column
    return self._resolve_column()
           ^^^^^^^^^^^^^^^^^^^^^^
venv/lib/python3.14/site-packages/sqlalchemy/sql/schema.py:3222: in _resolve_column
    raise exc.NoReferencedTableError(
E   sqlalchemy.exc.NoReferencedTableError: Foreign key associated with column 'audit_logs.user_id' could not find table 'users' with which to generate a foreign key to target column 'id'</error></testcase><testcase classname="tests.test_audit_logger.TestAuditLogger" name="test_ip_address_and_user_agent_stored" time="0.001"><error message="failed on setup with &quot;sqlalchemy.exc.NoReferencedTableError: Foreign key associated with column 'audit_logs.user_id' could not find table 'users' with which to generate a foreign key to target column 'id'&quot;">tests/test_audit_logger.py:52: in db_session
    TestBase.metadata.create_all(engine)
venv/lib/python3.14/site-packages/sqlalchemy/sql/schema.py:5928: in create_all
    bind._run_ddl_visitor(
venv/lib/python3.14/site-packages/sqlalchemy/engine/base.py:3268: in _run_ddl_visitor
    conn._run_ddl_visitor(visitorcallable, element, **kwargs)
venv/lib/python3.14/site-packages/sqlalchemy/engine/base.py:2467: in _run_ddl_visitor
    ).traverse_single(element)
      ^^^^^^^^^^^^^^^^^^^^^^^^
venv/lib/python3.14/site-packages/sqlalchemy/sql/visitors.py:661: in traverse_single
    return meth(obj, **kw)
           ^^^^^^^^^^^^^^^
venv/lib/python3.14/site-packages/sqlalchemy/sql/ddl.py:962: in visit_metadata
    collection = sort_tables_and_constraints(
venv/lib/python3.14/site-packages/sqlalchemy/sql/ddl.py:1394: in sort_tables_and_constraints
    dependent_on = fkc.referred_table
                   ^^^^^^^^^^^^^^^^^^
venv/lib/python3.14/site-packages/sqlalchemy/sql/schema.py:4799: in referred_table
    return self.elements[0].column.table
           ^^^^^^^^^^^^^^^^^^^^^^^
venv/lib/python3.14/site-packages/sqlalchemy/util/langhelpers.py:1123: in __get__
    obj.__dict__[self.__name__] = result = self.fget(obj)
                                           ^^^^^^^^^^^^^^
venv/lib/python3.14/site-packages/sqlalchemy/sql/schema.py:3199: in column
    return self._resolve_column()
           ^^^^^^^^^^^^^^^^^^^^^^
venv/lib/python3.14/site-packages/sqlalchemy/sql/schema.py:3222: in _resolve_column
    raise exc.NoReferencedTableError(
E   sqlalchemy.exc.NoReferencedTableError: Foreign key associated with column 'audit_logs.user_id' could not find table 'users' with which to generate a foreign key to target column 'id'</error></testcase><testcase classname="tests.test_audit_logger.TestAuditLogger" name="test_details_stored_as_json" time="0.001"><error message="failed on setup with &quot;sqlalchemy.exc.NoReferencedTableError: Foreign key associated with column 'audit_logs.user_id' could not find table 'users' with which to generate a foreign key to target column 'id'&quot;">tests/test_audit_logger.py:52: in db_session
    TestBase.metadata.create_all(engine)
venv/lib/python3.14/site-packages/sqlalchemy/sql/schema.py:5928: in create_all
    bind._run_ddl_visitor(
venv/lib/python3.14/site-packages/sqlalchemy/engine/base.py:3268: in _run_ddl_visitor
    conn._run_ddl_visitor(visitorcallable, element, **kwargs)
venv/lib/python3.14/site-packages/sqlalchemy/engine/base.py:2467: in _run_ddl_visitor
    ).traverse_single(element)
      ^^^^^^^^^^^^^^^^^^^^^^^^
venv/lib/python3.14/site-packages/sqlalchemy/sql/visitors.py:661: in traverse_single
    return meth(obj, **kw)
           ^^^^^^^^^^^^^^^
venv/lib/python3.14/site-packages/sqlalchemy/sql/ddl.py:962: in visit_metadata
    collection = sort_tables_and_constraints(
venv/lib/python3.14/site-packages/sqlalchemy/sql/ddl.py:1394: in sort_tables_and_constraints
    dependent_on = fkc.referred_table
                   ^^^^^^^^^^^^^^^^^^
venv/lib/python3.14/site-packages/sqlalchemy/sql/schema.py:4799: in referred_table
    return self.elements[0].column.table
           ^^^^^^^^^^^^^^^^^^^^^^^
venv/lib/python3.14/site-packages/sqlalchemy/util/langhelpers.py:1123: in __get__
    obj.__dict__[self.__name__] = result = self.fget(obj)
                                           ^^^^^^^^^^^^^^
venv/lib/python3.14/site-packages/sqlalchemy/sql/schema.py:3199: in column
    return self._resolve_column()
           ^^^^^^^^^^^^^^^^^^^^^^
venv/lib/python3.14/site-packages/sqlalchemy/sql/schema.py:3222: in _resolve_column
    raise exc.NoReferencedTableError(
E   sqlalchemy.exc.NoReferencedTableError: Foreign key associated with column 'audit_logs.user_id' could not find table 'users' with which to generate a foreign key to target column 'id'</error></testcase><testcase classname="tests.test_audit_logger.TestAuditLogger" name="test_create_audit_logger_factory" time="0.001"><error message="failed on setup with &quot;sqlalchemy.exc.NoReferencedTableError: Foreign key associated with column 'audit_logs.user_id' could not find table 'users' with which to generate a foreign key to target column 'id'&quot;">tests/test_audit_logger.py:52: in db_session
    TestBase.metadata.create_all(engine)
venv/lib/python3.14/site-packages/sqlalchemy/sql/schema.py:5928: in create_all
    bind._run_ddl_visitor(
venv/lib/python3.14/site-packages/sqlalchemy/engine/base.py:3268: in _run_ddl_visitor
    conn._run_ddl_visitor(visitorcallable, element, **kwargs)
venv/lib/python3.14/site-packages/sqlalchemy/engine/base.py:2467: in _run_ddl_visitor
    ).traverse_single(element)
      ^^^^^^^^^^^^^^^^^^^^^^^^
venv/lib/python3.14/site-packages/sqlalchemy/sql/visitors.py:661: in traverse_single
    return meth(obj, **kw)
           ^^^^^^^^^^^^^^^
venv/lib/python3.14/site-packages/sqlalchemy/sql/ddl.py:962: in visit_metadata
    collection = sort_tables_and_constraints(
venv/lib/python3.14/site-packages/sqlalchemy/sql/ddl.py:1394: in sort_tables_and_constraints
    dependent_on = fkc.referred_table
                   ^^^^^^^^^^^^^^^^^^
venv/lib/python3.14/site-packages/sqlalchemy/sql/schema.py:4799: in referred_table
    return self.elements[0].column.table
           ^^^^^^^^^^^^^^^^^^^^^^^
venv/lib/python3.14/site-packages/sqlalchemy/util/langhelpers.py:1123: in __get__
    obj.__dict__[self.__name__] = result = self.fget(obj)
                                           ^^^^^^^^^^^^^^
venv/lib/python3.14/site-packages/sqlalchemy/sql/schema.py:3199: in column
    return self._resolve_column()
           ^^^^^^^^^^^^^^^^^^^^^^
venv/lib/python3.14/site-packages/sqlalchemy/sql/schema.py:3222: in _resolve_column
    raise exc.NoReferencedTableError(
E   sqlalchemy.exc.NoReferencedTableError: Foreign key associated with column 'audit_logs.user_id' could not find table 'users' with which to generate a foreign key to target column 'id'</error></testcase><testcase classname="tests.test_audit_logger_integration.TestAuditLoggerIntegration" name="test_audit_action_enum" time="0.000" /><testcase classname="tests.test_audit_logger_integration.TestAuditLoggerIntegration" name="test_audit_log_filters_creation" time="0.000" /><testcase classname="tests.test_audit_logger_integration.TestAuditLoggerIntegration" name="test_audit_log_filters_defaults" time="0.000" /><testcase classname="tests.test_audit_logger_integration.TestAuditLoggerIntegration" name="test_audit_log_entry_response_model" time="0.000" /><testcase classname="tests.test_audit_logger_integration.TestAuditLoggerIntegration" name="test_audit_log_with_date_range" time="0.000" /><testcase classname="tests.test_audit_logger_integration.TestAuditLoggerIntegration" name="test_audit_log_pagination" time="0.000" /><testcase classname="tests.test_audit_logger_integration.TestAuditLoggerIntegration" name="test_multiple_action_types" time="0.000" /><testcase classname="tests.test_audit_logger_integration.TestAuditLoggerIntegration" name="test_result_types" time="0.000" /><testcase classname="tests.test_audit_logger_integration.TestAuditLoggerIntegration" name="test_audit_logger_mock" time="0.001" /><testcase classname="tests.test_audit_logger_integration.TestAuditLoggerIntegration" name="test_details_json_serialization" time="0.000" /><testcase classname="tests.test_audit_logger_integration.TestAuditLoggerIntegration" name="test_ip_address_formats" time="0.000" /><testcase classname="tests.test_audit_logger_integration.TestAuditLoggerIntegration" name="test_user_agent_strings" time="0.000" /><testcase classname="tests.test_authentication.TestPasswordHashing" name="test_hash_password" time="0.006"><failure message="ValueError: password cannot be longer than 72 bytes, truncate manually if necessary (e.g. my_password[:72])">tests/test_authentication.py:85: in test_hash_password
    hashed = auth_service.hash_password(password)
             ^^^^^^^^^^^^^^^^^^^^^^^^^^^^^^^^^^^^
app/services/authentication.py:137: in hash_password
    return self.pwd_context.hash(password)
           ^^^^^^^^^^^^^^^^^^^^^^^^^^^^^^^
venv/lib/python3.14/site-packages/passlib/context.py:2258: in hash
    return record.hash(secret, **kwds)
           ^^^^^^^^^^^^^^^^^^^^^^^^^^^
venv/lib/python3.14/site-packages/passlib/utils/handlers.py:779: in hash
    self.checksum = self._calc_checksum(secret)
                    ^^^^^^^^^^^^^^^^^^^^^^^^^^^
venv/lib/python3.14/site-packages/passlib/handlers/bcrypt.py:591: in _calc_checksum
    self._stub_requires_backend()
venv/lib/python3.14/site-packages/passlib/utils/handlers.py:2254: in _stub_requires_backend
    cls.set_backend()
venv/lib/python3.14/site-packages/passlib/utils/handlers.py:2156: in set_backend
    return owner.set_backend(name, dryrun=dryrun)
           ^^^^^^^^^^^^^^^^^^^^^^^^^^^^^^^^^^^^^^
venv/lib/python3.14/site-packages/passlib/utils/handlers.py:2163: in set_backend
    return cls.set_backend(name, dryrun=dryrun)
           ^^^^^^^^^^^^^^^^^^^^^^^^^^^^^^^^^^^^
venv/lib/python3.14/site-packages/passlib/utils/handlers.py:2188: in set_backend
    cls._set_backend(name, dryrun)
venv/lib/python3.14/site-packages/passlib/utils/handlers.py:2311: in _set_backend
    super(SubclassBackendMixin, cls)._set_backend(name, dryrun)
venv/lib/python3.14/site-packages/passlib/utils/handlers.py:2224: in _set_backend
    ok = loader(**kwds)
         ^^^^^^^^^^^^^^
venv/lib/python3.14/site-packages/passlib/handlers/bcrypt.py:626: in _load_backend_mixin
    return mixin_cls._finalize_backend_mixin(name, dryrun)
           ^^^^^^^^^^^^^^^^^^^^^^^^^^^^^^^^^^^^^^^^^^^^^^^
venv/lib/python3.14/site-packages/passlib/handlers/bcrypt.py:421: in _finalize_backend_mixin
    if detect_wrap_bug(IDENT_2A):
       ^^^^^^^^^^^^^^^^^^^^^^^^^
venv/lib/python3.14/site-packages/passlib/handlers/bcrypt.py:380: in detect_wrap_bug
    if verify(secret, bug_hash):
       ^^^^^^^^^^^^^^^^^^^^^^^^
venv/lib/python3.14/site-packages/passlib/utils/handlers.py:792: in verify
    return consteq(self._calc_checksum(secret), chk)
                   ^^^^^^^^^^^^^^^^^^^^^^^^^^^
venv/lib/python3.14/site-packages/passlib/handlers/bcrypt.py:655: in _calc_checksum
    hash = _bcrypt.hashpw(secret, config)
           ^^^^^^^^^^^^^^^^^^^^^^^^^^^^^^
E   ValueError: password cannot be longer than 72 bytes, truncate manually if necessary (e.g. my_password[:72])</failure></testcase><testcase classname="tests.test_authentication.TestPasswordHashing" name="test_verify_password_correct" time="0.006"><failure message="ValueError: password cannot be longer than 72 bytes, truncate manually if necessary (e.g. my_password[:72])">tests/test_authentication.py:94: in test_verify_password_correct
    hashed = auth_service.hash_password(password)
             ^^^^^^^^^^^^^^^^^^^^^^^^^^^^^^^^^^^^
app/services/authentication.py:137: in hash_password
    return self.pwd_context.hash(password)
           ^^^^^^^^^^^^^^^^^^^^^^^^^^^^^^^
venv/lib/python3.14/site-packages/passlib/context.py:2258: in hash
    return record.hash(secret, **kwds)
           ^^^^^^^^^^^^^^^^^^^^^^^^^^^
venv/lib/python3.14/site-packages/passlib/utils/handlers.py:779: in hash
    self.checksum = self._calc_checksum(secret)
                    ^^^^^^^^^^^^^^^^^^^^^^^^^^^
venv/lib/python3.14/site-packages/passlib/handlers/bcrypt.py:591: in _calc_checksum
    self._stub_requires_backend()
venv/lib/python3.14/site-packages/passlib/utils/handlers.py:2254: in _stub_requires_backend
    cls.set_backend()
venv/lib/python3.14/site-packages/passlib/utils/handlers.py:2156: in set_backend
    return owner.set_backend(name, dryrun=dryrun)
           ^^^^^^^^^^^^^^^^^^^^^^^^^^^^^^^^^^^^^^
venv/lib/python3.14/site-packages/passlib/utils/handlers.py:2163: in set_backend
    return cls.set_backend(name, dryrun=dryrun)
           ^^^^^^^^^^^^^^^^^^^^^^^^^^^^^^^^^^^^
venv/lib/python3.14/site-packages/passlib/utils/handlers.py:2188: in set_backend
    cls._set_backend(name, dryrun)
venv/lib/python3.14/site-packages/passlib/utils/handlers.py:2311: in _set_backend
    super(SubclassBackendMixin, cls)._set_backend(name, dryrun)
venv/lib/python3.14/site-packages/passlib/utils/handlers.py:2224: in _set_backend
    ok = loader(**kwds)
         ^^^^^^^^^^^^^^
venv/lib/python3.14/site-packages/passlib/handlers/bcrypt.py:626: in _load_backend_mixin
    return mixin_cls._finalize_backend_mixin(name, dryrun)
           ^^^^^^^^^^^^^^^^^^^^^^^^^^^^^^^^^^^^^^^^^^^^^^^
venv/lib/python3.14/site-packages/passlib/handlers/bcrypt.py:421: in _finalize_backend_mixin
    if detect_wrap_bug(IDENT_2A):
       ^^^^^^^^^^^^^^^^^^^^^^^^^
venv/lib/python3.14/site-packages/passlib/handlers/bcrypt.py:380: in detect_wrap_bug
    if verify(secret, bug_hash):
       ^^^^^^^^^^^^^^^^^^^^^^^^
venv/lib/python3.14/site-packages/passlib/utils/handlers.py:792: in verify
    return consteq(self._calc_checksum(secret), chk)
                   ^^^^^^^^^^^^^^^^^^^^^^^^^^^
venv/lib/python3.14/site-packages/passlib/handlers/bcrypt.py:655: in _calc_checksum
    hash = _bcrypt.hashpw(secret, config)
           ^^^^^^^^^^^^^^^^^^^^^^^^^^^^^^
E   ValueError: password cannot be longer than 72 bytes, truncate manually if necessary (e.g. my_password[:72])</failure></testcase><testcase classname="tests.test_authentication.TestPasswordHashing" name="test_verify_password_incorrect" time="0.006"><failure message="ValueError: password cannot be longer than 72 bytes, truncate manually if necessary (e.g. my_password[:72])">tests/test_authentication.py:102: in test_verify_password_incorrect
    hashed = auth_service.hash_password(password)
             ^^^^^^^^^^^^^^^^^^^^^^^^^^^^^^^^^^^^
app/services/authentication.py:137: in hash_password
    return self.pwd_context.hash(password)
           ^^^^^^^^^^^^^^^^^^^^^^^^^^^^^^^
venv/lib/python3.14/site-packages/passlib/context.py:2258: in hash
    return record.hash(secret, **kwds)
           ^^^^^^^^^^^^^^^^^^^^^^^^^^^
venv/lib/python3.14/site-packages/passlib/utils/handlers.py:779: in hash
    self.checksum = self._calc_checksum(secret)
                    ^^^^^^^^^^^^^^^^^^^^^^^^^^^
venv/lib/python3.14/site-packages/passlib/handlers/bcrypt.py:591: in _calc_checksum
    self._stub_requires_backend()
venv/lib/python3.14/site-packages/passlib/utils/handlers.py:2254: in _stub_requires_backend
    cls.set_backend()
venv/lib/python3.14/site-packages/passlib/utils/handlers.py:2156: in set_backend
    return owner.set_backend(name, dryrun=dryrun)
           ^^^^^^^^^^^^^^^^^^^^^^^^^^^^^^^^^^^^^^
venv/lib/python3.14/site-packages/passlib/utils/handlers.py:2163: in set_backend
    return cls.set_backend(name, dryrun=dryrun)
           ^^^^^^^^^^^^^^^^^^^^^^^^^^^^^^^^^^^^
venv/lib/python3.14/site-packages/passlib/utils/handlers.py:2188: in set_backend
    cls._set_backend(name, dryrun)
venv/lib/python3.14/site-packages/passlib/utils/handlers.py:2311: in _set_backend
    super(SubclassBackendMixin, cls)._set_backend(name, dryrun)
venv/lib/python3.14/site-packages/passlib/utils/handlers.py:2224: in _set_backend
    ok = loader(**kwds)
         ^^^^^^^^^^^^^^
venv/lib/python3.14/site-packages/passlib/handlers/bcrypt.py:626: in _load_backend_mixin
    return mixin_cls._finalize_backend_mixin(name, dryrun)
           ^^^^^^^^^^^^^^^^^^^^^^^^^^^^^^^^^^^^^^^^^^^^^^^
venv/lib/python3.14/site-packages/passlib/handlers/bcrypt.py:421: in _finalize_backend_mixin
    if detect_wrap_bug(IDENT_2A):
       ^^^^^^^^^^^^^^^^^^^^^^^^^
venv/lib/python3.14/site-packages/passlib/handlers/bcrypt.py:380: in detect_wrap_bug
    if verify(secret, bug_hash):
       ^^^^^^^^^^^^^^^^^^^^^^^^
venv/lib/python3.14/site-packages/passlib/utils/handlers.py:792: in verify
    return consteq(self._calc_checksum(secret), chk)
                   ^^^^^^^^^^^^^^^^^^^^^^^^^^^
venv/lib/python3.14/site-packages/passlib/handlers/bcrypt.py:655: in _calc_checksum
    hash = _bcrypt.hashpw(secret, config)
           ^^^^^^^^^^^^^^^^^^^^^^^^^^^^^^
E   ValueError: password cannot be longer than 72 bytes, truncate manually if necessary (e.g. my_password[:72])</failure></testcase><testcase classname="tests.test_authentication.TestPasswordHashing" name="test_different_hashes_for_same_password" time="0.006"><failure message="ValueError: password cannot be longer than 72 bytes, truncate manually if necessary (e.g. my_password[:72])">tests/test_authentication.py:109: in test_different_hashes_for_same_password
    hash1 = auth_service.hash_password(password)
            ^^^^^^^^^^^^^^^^^^^^^^^^^^^^^^^^^^^^
app/services/authentication.py:137: in hash_password
    return self.pwd_context.hash(password)
           ^^^^^^^^^^^^^^^^^^^^^^^^^^^^^^^
venv/lib/python3.14/site-packages/passlib/context.py:2258: in hash
    return record.hash(secret, **kwds)
           ^^^^^^^^^^^^^^^^^^^^^^^^^^^
venv/lib/python3.14/site-packages/passlib/utils/handlers.py:779: in hash
    self.checksum = self._calc_checksum(secret)
                    ^^^^^^^^^^^^^^^^^^^^^^^^^^^
venv/lib/python3.14/site-packages/passlib/handlers/bcrypt.py:591: in _calc_checksum
    self._stub_requires_backend()
venv/lib/python3.14/site-packages/passlib/utils/handlers.py:2254: in _stub_requires_backend
    cls.set_backend()
venv/lib/python3.14/site-packages/passlib/utils/handlers.py:2156: in set_backend
    return owner.set_backend(name, dryrun=dryrun)
           ^^^^^^^^^^^^^^^^^^^^^^^^^^^^^^^^^^^^^^
venv/lib/python3.14/site-packages/passlib/utils/handlers.py:2163: in set_backend
    return cls.set_backend(name, dryrun=dryrun)
           ^^^^^^^^^^^^^^^^^^^^^^^^^^^^^^^^^^^^
venv/lib/python3.14/site-packages/passlib/utils/handlers.py:2188: in set_backend
    cls._set_backend(name, dryrun)
venv/lib/python3.14/site-packages/passlib/utils/handlers.py:2311: in _set_backend
    super(SubclassBackendMixin, cls)._set_backend(name, dryrun)
venv/lib/python3.14/site-packages/passlib/utils/handlers.py:2224: in _set_backend
    ok = loader(**kwds)
         ^^^^^^^^^^^^^^
venv/lib/python3.14/site-packages/passlib/handlers/bcrypt.py:626: in _load_backend_mixin
    return mixin_cls._finalize_backend_mixin(name, dryrun)
           ^^^^^^^^^^^^^^^^^^^^^^^^^^^^^^^^^^^^^^^^^^^^^^^
venv/lib/python3.14/site-packages/passlib/handlers/bcrypt.py:421: in _finalize_backend_mixin
    if detect_wrap_bug(IDENT_2A):
       ^^^^^^^^^^^^^^^^^^^^^^^^^
venv/lib/python3.14/site-packages/passlib/handlers/bcrypt.py:380: in detect_wrap_bug
    if verify(secret, bug_hash):
       ^^^^^^^^^^^^^^^^^^^^^^^^
venv/lib/python3.14/site-packages/passlib/utils/handlers.py:792: in verify
    return consteq(self._calc_checksum(secret), chk)
                   ^^^^^^^^^^^^^^^^^^^^^^^^^^^
venv/lib/python3.14/site-packages/passlib/handlers/bcrypt.py:655: in _calc_checksum
    hash = _bcrypt.hashpw(secret, config)
           ^^^^^^^^^^^^^^^^^^^^^^^^^^^^^^
E   ValueError: password cannot be longer than 72 bytes, truncate manually if necessary (e.g. my_password[:72])</failure></testcase><testcase classname="tests.test_authentication.TestJWTTokens" name="test_create_access_token" time="0.001" /><testcase classname="tests.test_authentication.TestJWTTokens" name="test_verify_valid_token" time="0.000" /><testcase classname="tests.test_authentication.TestJWTTokens" name="test_verify_invalid_token" time="0.000" /><testcase classname="tests.test_authentication.TestJWTTokens" name="test_token_expiration" time="0.000" /><testcase classname="tests.test_authentication.TestJWTTokens" name="test_token_custom_expiration" time="0.000" /><testcase classname="tests.test_authentication.TestUserRegistration" name="test_register_user_success" time="0.021"><failure message="ValueError: password cannot be longer than 72 bytes, truncate manually if necessary (e.g. my_password[:72])">tests/test_authentication.py:181: in test_register_user_success
    user = await auth_service.register_user(sample_user_registration, db)
           ^^^^^^^^^^^^^^^^^^^^^^^^^^^^^^^^^^^^^^^^^^^^^^^^^^^^^^^^^^^^^^
app/services/authentication.py:270: in register_user
    hashed_password = self.hash_password(registration.password)
                      ^^^^^^^^^^^^^^^^^^^^^^^^^^^^^^^^^^^^^^^^^
app/services/authentication.py:137: in hash_password
    return self.pwd_context.hash(password)
           ^^^^^^^^^^^^^^^^^^^^^^^^^^^^^^^
venv/lib/python3.14/site-packages/passlib/context.py:2258: in hash
    return record.hash(secret, **kwds)
           ^^^^^^^^^^^^^^^^^^^^^^^^^^^
venv/lib/python3.14/site-packages/passlib/utils/handlers.py:779: in hash
    self.checksum = self._calc_checksum(secret)
                    ^^^^^^^^^^^^^^^^^^^^^^^^^^^
venv/lib/python3.14/site-packages/passlib/handlers/bcrypt.py:591: in _calc_checksum
    self._stub_requires_backend()
venv/lib/python3.14/site-packages/passlib/utils/handlers.py:2254: in _stub_requires_backend
    cls.set_backend()
venv/lib/python3.14/site-packages/passlib/utils/handlers.py:2156: in set_backend
    return owner.set_backend(name, dryrun=dryrun)
           ^^^^^^^^^^^^^^^^^^^^^^^^^^^^^^^^^^^^^^
venv/lib/python3.14/site-packages/passlib/utils/handlers.py:2163: in set_backend
    return cls.set_backend(name, dryrun=dryrun)
           ^^^^^^^^^^^^^^^^^^^^^^^^^^^^^^^^^^^^
venv/lib/python3.14/site-packages/passlib/utils/handlers.py:2188: in set_backend
    cls._set_backend(name, dryrun)
venv/lib/python3.14/site-packages/passlib/utils/handlers.py:2311: in _set_backend
    super(SubclassBackendMixin, cls)._set_backend(name, dryrun)
venv/lib/python3.14/site-packages/passlib/utils/handlers.py:2224: in _set_backend
    ok = loader(**kwds)
         ^^^^^^^^^^^^^^
venv/lib/python3.14/site-packages/passlib/handlers/bcrypt.py:626: in _load_backend_mixin
    return mixin_cls._finalize_backend_mixin(name, dryrun)
           ^^^^^^^^^^^^^^^^^^^^^^^^^^^^^^^^^^^^^^^^^^^^^^^
venv/lib/python3.14/site-packages/passlib/handlers/bcrypt.py:421: in _finalize_backend_mixin
    if detect_wrap_bug(IDENT_2A):
       ^^^^^^^^^^^^^^^^^^^^^^^^^
venv/lib/python3.14/site-packages/passlib/handlers/bcrypt.py:380: in detect_wrap_bug
    if verify(secret, bug_hash):
       ^^^^^^^^^^^^^^^^^^^^^^^^
venv/lib/python3.14/site-packages/passlib/utils/handlers.py:792: in verify
    return consteq(self._calc_checksum(secret), chk)
                   ^^^^^^^^^^^^^^^^^^^^^^^^^^^
venv/lib/python3.14/site-packages/passlib/handlers/bcrypt.py:655: in _calc_checksum
    hash = _bcrypt.hashpw(secret, config)
           ^^^^^^^^^^^^^^^^^^^^^^^^^^^^^^
E   ValueError: password cannot be longer than 72 bytes, truncate manually if necessary (e.g. my_password[:72])</failure></testcase><testcase classname="tests.test_authentication.TestUserRegistration" name="test_register_duplicate_email" time="0.008"><failure message="ValueError: password cannot be longer than 72 bytes, truncate manually if necessary (e.g. my_password[:72])">tests/test_authentication.py:193: in test_register_duplicate_email
    await auth_service.register_user(sample_user_registration, db)
app/services/authentication.py:270: in register_user
    hashed_password = self.hash_password(registration.password)
                      ^^^^^^^^^^^^^^^^^^^^^^^^^^^^^^^^^^^^^^^^^
app/services/authentication.py:137: in hash_password
    return self.pwd_context.hash(password)
           ^^^^^^^^^^^^^^^^^^^^^^^^^^^^^^^
venv/lib/python3.14/site-packages/passlib/context.py:2258: in hash
    return record.hash(secret, **kwds)
           ^^^^^^^^^^^^^^^^^^^^^^^^^^^
venv/lib/python3.14/site-packages/passlib/utils/handlers.py:779: in hash
    self.checksum = self._calc_checksum(secret)
                    ^^^^^^^^^^^^^^^^^^^^^^^^^^^
venv/lib/python3.14/site-packages/passlib/handlers/bcrypt.py:591: in _calc_checksum
    self._stub_requires_backend()
venv/lib/python3.14/site-packages/passlib/utils/handlers.py:2254: in _stub_requires_backend
    cls.set_backend()
venv/lib/python3.14/site-packages/passlib/utils/handlers.py:2156: in set_backend
    return owner.set_backend(name, dryrun=dryrun)
           ^^^^^^^^^^^^^^^^^^^^^^^^^^^^^^^^^^^^^^
venv/lib/python3.14/site-packages/passlib/utils/handlers.py:2163: in set_backend
    return cls.set_backend(name, dryrun=dryrun)
           ^^^^^^^^^^^^^^^^^^^^^^^^^^^^^^^^^^^^
venv/lib/python3.14/site-packages/passlib/utils/handlers.py:2188: in set_backend
    cls._set_backend(name, dryrun)
venv/lib/python3.14/site-packages/passlib/utils/handlers.py:2311: in _set_backend
    super(SubclassBackendMixin, cls)._set_backend(name, dryrun)
venv/lib/python3.14/site-packages/passlib/utils/handlers.py:2224: in _set_backend
    ok = loader(**kwds)
         ^^^^^^^^^^^^^^
venv/lib/python3.14/site-packages/passlib/handlers/bcrypt.py:626: in _load_backend_mixin
    return mixin_cls._finalize_backend_mixin(name, dryrun)
           ^^^^^^^^^^^^^^^^^^^^^^^^^^^^^^^^^^^^^^^^^^^^^^^
venv/lib/python3.14/site-packages/passlib/handlers/bcrypt.py:421: in _finalize_backend_mixin
    if detect_wrap_bug(IDENT_2A):
       ^^^^^^^^^^^^^^^^^^^^^^^^^
venv/lib/python3.14/site-packages/passlib/handlers/bcrypt.py:380: in detect_wrap_bug
    if verify(secret, bug_hash):
       ^^^^^^^^^^^^^^^^^^^^^^^^
venv/lib/python3.14/site-packages/passlib/utils/handlers.py:792: in verify
    return consteq(self._calc_checksum(secret), chk)
                   ^^^^^^^^^^^^^^^^^^^^^^^^^^^
venv/lib/python3.14/site-packages/passlib/handlers/bcrypt.py:655: in _calc_checksum
    hash = _bcrypt.hashpw(secret, config)
           ^^^^^^^^^^^^^^^^^^^^^^^^^^^^^^
E   ValueError: password cannot be longer than 72 bytes, truncate manually if necessary (e.g. my_password[:72])</failure></testcase><testcase classname="tests.test_authentication.TestUserRegistration" name="test_password_validation_too_short" time="0.000" /><testcase classname="tests.test_authentication.TestUserRegistration" name="test_password_validation_no_uppercase" time="0.000" /><testcase classname="tests.test_authentication.TestUserRegistration" name="test_password_validation_no_lowercase" time="0.000" /><testcase classname="tests.test_authentication.TestUserRegistration" name="test_password_validation_no_digit" time="0.000" /><testcase classname="tests.test_authentication.TestUserAuthentication" name="test_authenticate_user_success" time="0.007"><failure message="ValueError: password cannot be longer than 72 bytes, truncate manually if necessary (e.g. my_password[:72])">tests/test_authentication.py:243: in test_authenticate_user_success
    await auth_service.register_user(sample_user_registration, db)
app/services/authentication.py:270: in register_user
    hashed_password = self.hash_password(registration.password)
                      ^^^^^^^^^^^^^^^^^^^^^^^^^^^^^^^^^^^^^^^^^
app/services/authentication.py:137: in hash_password
    return self.pwd_context.hash(password)
           ^^^^^^^^^^^^^^^^^^^^^^^^^^^^^^^
venv/lib/python3.14/site-packages/passlib/context.py:2258: in hash
    return record.hash(secret, **kwds)
           ^^^^^^^^^^^^^^^^^^^^^^^^^^^
venv/lib/python3.14/site-packages/passlib/utils/handlers.py:779: in hash
    self.checksum = self._calc_checksum(secret)
                    ^^^^^^^^^^^^^^^^^^^^^^^^^^^
venv/lib/python3.14/site-packages/passlib/handlers/bcrypt.py:591: in _calc_checksum
    self._stub_requires_backend()
venv/lib/python3.14/site-packages/passlib/utils/handlers.py:2254: in _stub_requires_backend
    cls.set_backend()
venv/lib/python3.14/site-packages/passlib/utils/handlers.py:2156: in set_backend
    return owner.set_backend(name, dryrun=dryrun)
           ^^^^^^^^^^^^^^^^^^^^^^^^^^^^^^^^^^^^^^
venv/lib/python3.14/site-packages/passlib/utils/handlers.py:2163: in set_backend
    return cls.set_backend(name, dryrun=dryrun)
           ^^^^^^^^^^^^^^^^^^^^^^^^^^^^^^^^^^^^
venv/lib/python3.14/site-packages/passlib/utils/handlers.py:2188: in set_backend
    cls._set_backend(name, dryrun)
venv/lib/python3.14/site-packages/passlib/utils/handlers.py:2311: in _set_backend
    super(SubclassBackendMixin, cls)._set_backend(name, dryrun)
venv/lib/python3.14/site-packages/passlib/utils/handlers.py:2224: in _set_backend
    ok = loader(**kwds)
         ^^^^^^^^^^^^^^
venv/lib/python3.14/site-packages/passlib/handlers/bcrypt.py:626: in _load_backend_mixin
    return mixin_cls._finalize_backend_mixin(name, dryrun)
           ^^^^^^^^^^^^^^^^^^^^^^^^^^^^^^^^^^^^^^^^^^^^^^^
venv/lib/python3.14/site-packages/passlib/handlers/bcrypt.py:421: in _finalize_backend_mixin
    if detect_wrap_bug(IDENT_2A):
       ^^^^^^^^^^^^^^^^^^^^^^^^^
venv/lib/python3.14/site-packages/passlib/handlers/bcrypt.py:380: in detect_wrap_bug
    if verify(secret, bug_hash):
       ^^^^^^^^^^^^^^^^^^^^^^^^
venv/lib/python3.14/site-packages/passlib/utils/handlers.py:792: in verify
    return consteq(self._calc_checksum(secret), chk)
                   ^^^^^^^^^^^^^^^^^^^^^^^^^^^
venv/lib/python3.14/site-packages/passlib/handlers/bcrypt.py:655: in _calc_checksum
    hash = _bcrypt.hashpw(secret, config)
           ^^^^^^^^^^^^^^^^^^^^^^^^^^^^^^
E   ValueError: password cannot be longer than 72 bytes, truncate manually if necessary (e.g. my_password[:72])</failure></testcase><testcase classname="tests.test_authentication.TestUserAuthentication" name="test_authenticate_user_wrong_password" time="0.007"><failure message="ValueError: password cannot be longer than 72 bytes, truncate manually if necessary (e.g. my_password[:72])">tests/test_authentication.py:259: in test_authenticate_user_wrong_password
    await auth_service.register_user(sample_user_registration, db)
app/services/authentication.py:270: in register_user
    hashed_password = self.hash_password(registration.password)
                      ^^^^^^^^^^^^^^^^^^^^^^^^^^^^^^^^^^^^^^^^^
app/services/authentication.py:137: in hash_password
    return self.pwd_context.hash(password)
           ^^^^^^^^^^^^^^^^^^^^^^^^^^^^^^^
venv/lib/python3.14/site-packages/passlib/context.py:2258: in hash
    return record.hash(secret, **kwds)
           ^^^^^^^^^^^^^^^^^^^^^^^^^^^
venv/lib/python3.14/site-packages/passlib/utils/handlers.py:779: in hash
    self.checksum = self._calc_checksum(secret)
                    ^^^^^^^^^^^^^^^^^^^^^^^^^^^
venv/lib/python3.14/site-packages/passlib/handlers/bcrypt.py:591: in _calc_checksum
    self._stub_requires_backend()
venv/lib/python3.14/site-packages/passlib/utils/handlers.py:2254: in _stub_requires_backend
    cls.set_backend()
venv/lib/python3.14/site-packages/passlib/utils/handlers.py:2156: in set_backend
    return owner.set_backend(name, dryrun=dryrun)
           ^^^^^^^^^^^^^^^^^^^^^^^^^^^^^^^^^^^^^^
venv/lib/python3.14/site-packages/passlib/utils/handlers.py:2163: in set_backend
    return cls.set_backend(name, dryrun=dryrun)
           ^^^^^^^^^^^^^^^^^^^^^^^^^^^^^^^^^^^^
venv/lib/python3.14/site-packages/passlib/utils/handlers.py:2188: in set_backend
    cls._set_backend(name, dryrun)
venv/lib/python3.14/site-packages/passlib/utils/handlers.py:2311: in _set_backend
    super(SubclassBackendMixin, cls)._set_backend(name, dryrun)
venv/lib/python3.14/site-packages/passlib/utils/handlers.py:2224: in _set_backend
    ok = loader(**kwds)
         ^^^^^^^^^^^^^^
venv/lib/python3.14/site-packages/passlib/handlers/bcrypt.py:626: in _load_backend_mixin
    return mixin_cls._finalize_backend_mixin(name, dryrun)
           ^^^^^^^^^^^^^^^^^^^^^^^^^^^^^^^^^^^^^^^^^^^^^^^
venv/lib/python3.14/site-packages/passlib/handlers/bcrypt.py:421: in _finalize_backend_mixin
    if detect_wrap_bug(IDENT_2A):
       ^^^^^^^^^^^^^^^^^^^^^^^^^
venv/lib/python3.14/site-packages/passlib/handlers/bcrypt.py:380: in detect_wrap_bug
    if verify(secret, bug_hash):
       ^^^^^^^^^^^^^^^^^^^^^^^^
venv/lib/python3.14/site-packages/passlib/utils/handlers.py:792: in verify
    return consteq(self._calc_checksum(secret), chk)
                   ^^^^^^^^^^^^^^^^^^^^^^^^^^^
venv/lib/python3.14/site-packages/passlib/handlers/bcrypt.py:655: in _calc_checksum
    hash = _bcrypt.hashpw(secret, config)
           ^^^^^^^^^^^^^^^^^^^^^^^^^^^^^^
E   ValueError: password cannot be longer than 72 bytes, truncate manually if necessary (e.g. my_password[:72])</failure></testcase><testcase classname="tests.test_authentication.TestUserAuthentication" name="test_authenticate_user_not_found" time="0.001" /><testcase classname="tests.test_authentication.TestUserAuthentication" name="test_login_success" time="0.007"><failure message="ValueError: password cannot be longer than 72 bytes, truncate manually if necessary (e.g. my_password[:72])">tests/test_authentication.py:285: in test_login_success
    await auth_service.register_user(sample_user_registration, db)
app/services/authentication.py:270: in register_user
    hashed_password = self.hash_password(registration.password)
                      ^^^^^^^^^^^^^^^^^^^^^^^^^^^^^^^^^^^^^^^^^
app/services/authentication.py:137: in hash_password
    return self.pwd_context.hash(password)
           ^^^^^^^^^^^^^^^^^^^^^^^^^^^^^^^
venv/lib/python3.14/site-packages/passlib/context.py:2258: in hash
    return record.hash(secret, **kwds)
           ^^^^^^^^^^^^^^^^^^^^^^^^^^^
venv/lib/python3.14/site-packages/passlib/utils/handlers.py:779: in hash
    self.checksum = self._calc_checksum(secret)
                    ^^^^^^^^^^^^^^^^^^^^^^^^^^^
venv/lib/python3.14/site-packages/passlib/handlers/bcrypt.py:591: in _calc_checksum
    self._stub_requires_backend()
venv/lib/python3.14/site-packages/passlib/utils/handlers.py:2254: in _stub_requires_backend
    cls.set_backend()
venv/lib/python3.14/site-packages/passlib/utils/handlers.py:2156: in set_backend
    return owner.set_backend(name, dryrun=dryrun)
           ^^^^^^^^^^^^^^^^^^^^^^^^^^^^^^^^^^^^^^
venv/lib/python3.14/site-packages/passlib/utils/handlers.py:2163: in set_backend
    return cls.set_backend(name, dryrun=dryrun)
           ^^^^^^^^^^^^^^^^^^^^^^^^^^^^^^^^^^^^
venv/lib/python3.14/site-packages/passlib/utils/handlers.py:2188: in set_backend
    cls._set_backend(name, dryrun)
venv/lib/python3.14/site-packages/passlib/utils/handlers.py:2311: in _set_backend
    super(SubclassBackendMixin, cls)._set_backend(name, dryrun)
venv/lib/python3.14/site-packages/passlib/utils/handlers.py:2224: in _set_backend
    ok = loader(**kwds)
         ^^^^^^^^^^^^^^
venv/lib/python3.14/site-packages/passlib/handlers/bcrypt.py:626: in _load_backend_mixin
    return mixin_cls._finalize_backend_mixin(name, dryrun)
           ^^^^^^^^^^^^^^^^^^^^^^^^^^^^^^^^^^^^^^^^^^^^^^^
venv/lib/python3.14/site-packages/passlib/handlers/bcrypt.py:421: in _finalize_backend_mixin
    if detect_wrap_bug(IDENT_2A):
       ^^^^^^^^^^^^^^^^^^^^^^^^^
venv/lib/python3.14/site-packages/passlib/handlers/bcrypt.py:380: in detect_wrap_bug
    if verify(secret, bug_hash):
       ^^^^^^^^^^^^^^^^^^^^^^^^
venv/lib/python3.14/site-packages/passlib/utils/handlers.py:792: in verify
    return consteq(self._calc_checksum(secret), chk)
                   ^^^^^^^^^^^^^^^^^^^^^^^^^^^
venv/lib/python3.14/site-packages/passlib/handlers/bcrypt.py:655: in _calc_checksum
    hash = _bcrypt.hashpw(secret, config)
           ^^^^^^^^^^^^^^^^^^^^^^^^^^^^^^
E   ValueError: password cannot be longer than 72 bytes, truncate manually if necessary (e.g. my_password[:72])</failure></testcase><testcase classname="tests.test_authentication.TestUserAuthentication" name="test_login_failure" time="0.008"><failure message="ValueError: password cannot be longer than 72 bytes, truncate manually if necessary (e.g. my_password[:72])">tests/test_authentication.py:302: in test_login_failure
    await auth_service.register_user(sample_user_registration, db)
app/services/authentication.py:270: in register_user
    hashed_password = self.hash_password(registration.password)
                      ^^^^^^^^^^^^^^^^^^^^^^^^^^^^^^^^^^^^^^^^^
app/services/authentication.py:137: in hash_password
    return self.pwd_context.hash(password)
           ^^^^^^^^^^^^^^^^^^^^^^^^^^^^^^^
venv/lib/python3.14/site-packages/passlib/context.py:2258: in hash
    return record.hash(secret, **kwds)
           ^^^^^^^^^^^^^^^^^^^^^^^^^^^
venv/lib/python3.14/site-packages/passlib/utils/handlers.py:779: in hash
    self.checksum = self._calc_checksum(secret)
                    ^^^^^^^^^^^^^^^^^^^^^^^^^^^
venv/lib/python3.14/site-packages/passlib/handlers/bcrypt.py:591: in _calc_checksum
    self._stub_requires_backend()
venv/lib/python3.14/site-packages/passlib/utils/handlers.py:2254: in _stub_requires_backend
    cls.set_backend()
venv/lib/python3.14/site-packages/passlib/utils/handlers.py:2156: in set_backend
    return owner.set_backend(name, dryrun=dryrun)
           ^^^^^^^^^^^^^^^^^^^^^^^^^^^^^^^^^^^^^^
venv/lib/python3.14/site-packages/passlib/utils/handlers.py:2163: in set_backend
    return cls.set_backend(name, dryrun=dryrun)
           ^^^^^^^^^^^^^^^^^^^^^^^^^^^^^^^^^^^^
venv/lib/python3.14/site-packages/passlib/utils/handlers.py:2188: in set_backend
    cls._set_backend(name, dryrun)
venv/lib/python3.14/site-packages/passlib/utils/handlers.py:2311: in _set_backend
    super(SubclassBackendMixin, cls)._set_backend(name, dryrun)
venv/lib/python3.14/site-packages/passlib/utils/handlers.py:2224: in _set_backend
    ok = loader(**kwds)
         ^^^^^^^^^^^^^^
venv/lib/python3.14/site-packages/passlib/handlers/bcrypt.py:626: in _load_backend_mixin
    return mixin_cls._finalize_backend_mixin(name, dryrun)
           ^^^^^^^^^^^^^^^^^^^^^^^^^^^^^^^^^^^^^^^^^^^^^^^
venv/lib/python3.14/site-packages/passlib/handlers/bcrypt.py:421: in _finalize_backend_mixin
    if detect_wrap_bug(IDENT_2A):
       ^^^^^^^^^^^^^^^^^^^^^^^^^
venv/lib/python3.14/site-packages/passlib/handlers/bcrypt.py:380: in detect_wrap_bug
    if verify(secret, bug_hash):
       ^^^^^^^^^^^^^^^^^^^^^^^^
venv/lib/python3.14/site-packages/passlib/utils/handlers.py:792: in verify
    return consteq(self._calc_checksum(secret), chk)
                   ^^^^^^^^^^^^^^^^^^^^^^^^^^^
venv/lib/python3.14/site-packages/passlib/handlers/bcrypt.py:655: in _calc_checksum
    hash = _bcrypt.hashpw(secret, config)
           ^^^^^^^^^^^^^^^^^^^^^^^^^^^^^^
E   ValueError: password cannot be longer than 72 bytes, truncate manually if necessary (e.g. my_password[:72])</failure></testcase><testcase classname="tests.test_authentication.TestRateLimiting" name="test_check_rate_limit_allowed" time="0.000" /><testcase classname="tests.test_authentication.TestRateLimiting" name="test_record_login_attempts" time="0.000" /><testcase classname="tests.test_authentication.TestRateLimiting" name="test_rate_limit_exceeded" time="0.000" /><testcase classname="tests.test_authentication.TestRateLimiting" name="test_clear_login_attempts" time="0.000" /><testcase classname="tests.test_authentication.TestPasswordReset" name="test_generate_reset_token" time="0.000" /><testcase classname="tests.test_authentication.TestPasswordReset" name="test_request_password_reset" time="0.007"><failure message="ValueError: password cannot be longer than 72 bytes, truncate manually if necessary (e.g. my_password[:72])">tests/test_authentication.py:380: in test_request_password_reset
    await auth_service.register_user(sample_user_registration, db)
app/services/authentication.py:270: in register_user
    hashed_password = self.hash_password(registration.password)
                      ^^^^^^^^^^^^^^^^^^^^^^^^^^^^^^^^^^^^^^^^^
app/services/authentication.py:137: in hash_password
    return self.pwd_context.hash(password)
           ^^^^^^^^^^^^^^^^^^^^^^^^^^^^^^^
venv/lib/python3.14/site-packages/passlib/context.py:2258: in hash
    return record.hash(secret, **kwds)
           ^^^^^^^^^^^^^^^^^^^^^^^^^^^
venv/lib/python3.14/site-packages/passlib/utils/handlers.py:779: in hash
    self.checksum = self._calc_checksum(secret)
                    ^^^^^^^^^^^^^^^^^^^^^^^^^^^
venv/lib/python3.14/site-packages/passlib/handlers/bcrypt.py:591: in _calc_checksum
    self._stub_requires_backend()
venv/lib/python3.14/site-packages/passlib/utils/handlers.py:2254: in _stub_requires_backend
    cls.set_backend()
venv/lib/python3.14/site-packages/passlib/utils/handlers.py:2156: in set_backend
    return owner.set_backend(name, dryrun=dryrun)
           ^^^^^^^^^^^^^^^^^^^^^^^^^^^^^^^^^^^^^^
venv/lib/python3.14/site-packages/passlib/utils/handlers.py:2163: in set_backend
    return cls.set_backend(name, dryrun=dryrun)
           ^^^^^^^^^^^^^^^^^^^^^^^^^^^^^^^^^^^^
venv/lib/python3.14/site-packages/passlib/utils/handlers.py:2188: in set_backend
    cls._set_backend(name, dryrun)
venv/lib/python3.14/site-packages/passlib/utils/handlers.py:2311: in _set_backend
    super(SubclassBackendMixin, cls)._set_backend(name, dryrun)
venv/lib/python3.14/site-packages/passlib/utils/handlers.py:2224: in _set_backend
    ok = loader(**kwds)
         ^^^^^^^^^^^^^^
venv/lib/python3.14/site-packages/passlib/handlers/bcrypt.py:626: in _load_backend_mixin
    return mixin_cls._finalize_backend_mixin(name, dryrun)
           ^^^^^^^^^^^^^^^^^^^^^^^^^^^^^^^^^^^^^^^^^^^^^^^
venv/lib/python3.14/site-packages/passlib/handlers/bcrypt.py:421: in _finalize_backend_mixin
    if detect_wrap_bug(IDENT_2A):
       ^^^^^^^^^^^^^^^^^^^^^^^^^
venv/lib/python3.14/site-packages/passlib/handlers/bcrypt.py:380: in detect_wrap_bug
    if verify(secret, bug_hash):
       ^^^^^^^^^^^^^^^^^^^^^^^^
venv/lib/python3.14/site-packages/passlib/utils/handlers.py:792: in verify
    return consteq(self._calc_checksum(secret), chk)
                   ^^^^^^^^^^^^^^^^^^^^^^^^^^^
venv/lib/python3.14/site-packages/passlib/handlers/bcrypt.py:655: in _calc_checksum
    hash = _bcrypt.hashpw(secret, config)
           ^^^^^^^^^^^^^^^^^^^^^^^^^^^^^^
E   ValueError: password cannot be longer than 72 bytes, truncate manually if necessary (e.g. my_password[:72])</failure></testcase><testcase classname="tests.test_authentication.TestPasswordReset" name="test_request_password_reset_user_not_found" time="0.002" /><testcase classname="tests.test_authentication.TestPasswordReset" name="test_reset_password_success" time="0.007"><failure message="ValueError: password cannot be longer than 72 bytes, truncate manually if necessary (e.g. my_password[:72])">tests/test_authentication.py:401: in test_reset_password_success
    user = await auth_service.register_user(sample_user_registration, db)
           ^^^^^^^^^^^^^^^^^^^^^^^^^^^^^^^^^^^^^^^^^^^^^^^^^^^^^^^^^^^^^^
app/services/authentication.py:270: in register_user
    hashed_password = self.hash_password(registration.password)
                      ^^^^^^^^^^^^^^^^^^^^^^^^^^^^^^^^^^^^^^^^^
app/services/authentication.py:137: in hash_password
    return self.pwd_context.hash(password)
           ^^^^^^^^^^^^^^^^^^^^^^^^^^^^^^^
venv/lib/python3.14/site-packages/passlib/context.py:2258: in hash
    return record.hash(secret, **kwds)
           ^^^^^^^^^^^^^^^^^^^^^^^^^^^
venv/lib/python3.14/site-packages/passlib/utils/handlers.py:779: in hash
    self.checksum = self._calc_checksum(secret)
                    ^^^^^^^^^^^^^^^^^^^^^^^^^^^
venv/lib/python3.14/site-packages/passlib/handlers/bcrypt.py:591: in _calc_checksum
    self._stub_requires_backend()
venv/lib/python3.14/site-packages/passlib/utils/handlers.py:2254: in _stub_requires_backend
    cls.set_backend()
venv/lib/python3.14/site-packages/passlib/utils/handlers.py:2156: in set_backend
    return owner.set_backend(name, dryrun=dryrun)
           ^^^^^^^^^^^^^^^^^^^^^^^^^^^^^^^^^^^^^^
venv/lib/python3.14/site-packages/passlib/utils/handlers.py:2163: in set_backend
    return cls.set_backend(name, dryrun=dryrun)
           ^^^^^^^^^^^^^^^^^^^^^^^^^^^^^^^^^^^^
venv/lib/python3.14/site-packages/passlib/utils/handlers.py:2188: in set_backend
    cls._set_backend(name, dryrun)
venv/lib/python3.14/site-packages/passlib/utils/handlers.py:2311: in _set_backend
    super(SubclassBackendMixin, cls)._set_backend(name, dryrun)
venv/lib/python3.14/site-packages/passlib/utils/handlers.py:2224: in _set_backend
    ok = loader(**kwds)
         ^^^^^^^^^^^^^^
venv/lib/python3.14/site-packages/passlib/handlers/bcrypt.py:626: in _load_backend_mixin
    return mixin_cls._finalize_backend_mixin(name, dryrun)
           ^^^^^^^^^^^^^^^^^^^^^^^^^^^^^^^^^^^^^^^^^^^^^^^
venv/lib/python3.14/site-packages/passlib/handlers/bcrypt.py:421: in _finalize_backend_mixin
    if detect_wrap_bug(IDENT_2A):
       ^^^^^^^^^^^^^^^^^^^^^^^^^
venv/lib/python3.14/site-packages/passlib/handlers/bcrypt.py:380: in detect_wrap_bug
    if verify(secret, bug_hash):
       ^^^^^^^^^^^^^^^^^^^^^^^^
venv/lib/python3.14/site-packages/passlib/utils/handlers.py:792: in verify
    return consteq(self._calc_checksum(secret), chk)
                   ^^^^^^^^^^^^^^^^^^^^^^^^^^^
venv/lib/python3.14/site-packages/passlib/handlers/bcrypt.py:655: in _calc_checksum
    hash = _bcrypt.hashpw(secret, config)
           ^^^^^^^^^^^^^^^^^^^^^^^^^^^^^^
E   ValueError: password cannot be longer than 72 bytes, truncate manually if necessary (e.g. my_password[:72])</failure></testcase><testcase classname="tests.test_authentication.TestPasswordReset" name="test_reset_password_invalid_token" time="0.001" /><testcase classname="tests.test_authentication.TestMFA" name="test_generate_mfa_secret" time="0.000" /><testcase classname="tests.test_authentication.TestMFA" name="test_generate_backup_codes" time="0.000" /><testcase classname="tests.test_authentication.TestMFA" name="test_setup_mfa" time="0.007"><failure message="ValueError: password cannot be longer than 72 bytes, truncate manually if necessary (e.g. my_password[:72])">tests/test_authentication.py:460: in test_setup_mfa
    user = await auth_service.register_user(sample_user_registration, db)
           ^^^^^^^^^^^^^^^^^^^^^^^^^^^^^^^^^^^^^^^^^^^^^^^^^^^^^^^^^^^^^^
app/services/authentication.py:270: in register_user
    hashed_password = self.hash_password(registration.password)
                      ^^^^^^^^^^^^^^^^^^^^^^^^^^^^^^^^^^^^^^^^^
app/services/authentication.py:137: in hash_password
    return self.pwd_context.hash(password)
           ^^^^^^^^^^^^^^^^^^^^^^^^^^^^^^^
venv/lib/python3.14/site-packages/passlib/context.py:2258: in hash
    return record.hash(secret, **kwds)
           ^^^^^^^^^^^^^^^^^^^^^^^^^^^
venv/lib/python3.14/site-packages/passlib/utils/handlers.py:779: in hash
    self.checksum = self._calc_checksum(secret)
                    ^^^^^^^^^^^^^^^^^^^^^^^^^^^
venv/lib/python3.14/site-packages/passlib/handlers/bcrypt.py:591: in _calc_checksum
    self._stub_requires_backend()
venv/lib/python3.14/site-packages/passlib/utils/handlers.py:2254: in _stub_requires_backend
    cls.set_backend()
venv/lib/python3.14/site-packages/passlib/utils/handlers.py:2156: in set_backend
    return owner.set_backend(name, dryrun=dryrun)
           ^^^^^^^^^^^^^^^^^^^^^^^^^^^^^^^^^^^^^^
venv/lib/python3.14/site-packages/passlib/utils/handlers.py:2163: in set_backend
    return cls.set_backend(name, dryrun=dryrun)
           ^^^^^^^^^^^^^^^^^^^^^^^^^^^^^^^^^^^^
venv/lib/python3.14/site-packages/passlib/utils/handlers.py:2188: in set_backend
    cls._set_backend(name, dryrun)
venv/lib/python3.14/site-packages/passlib/utils/handlers.py:2311: in _set_backend
    super(SubclassBackendMixin, cls)._set_backend(name, dryrun)
venv/lib/python3.14/site-packages/passlib/utils/handlers.py:2224: in _set_backend
    ok = loader(**kwds)
         ^^^^^^^^^^^^^^
venv/lib/python3.14/site-packages/passlib/handlers/bcrypt.py:626: in _load_backend_mixin
    return mixin_cls._finalize_backend_mixin(name, dryrun)
           ^^^^^^^^^^^^^^^^^^^^^^^^^^^^^^^^^^^^^^^^^^^^^^^
venv/lib/python3.14/site-packages/passlib/handlers/bcrypt.py:421: in _finalize_backend_mixin
    if detect_wrap_bug(IDENT_2A):
       ^^^^^^^^^^^^^^^^^^^^^^^^^
venv/lib/python3.14/site-packages/passlib/handlers/bcrypt.py:380: in detect_wrap_bug
    if verify(secret, bug_hash):
       ^^^^^^^^^^^^^^^^^^^^^^^^
venv/lib/python3.14/site-packages/passlib/utils/handlers.py:792: in verify
    return consteq(self._calc_checksum(secret), chk)
                   ^^^^^^^^^^^^^^^^^^^^^^^^^^^
venv/lib/python3.14/site-packages/passlib/handlers/bcrypt.py:655: in _calc_checksum
    hash = _bcrypt.hashpw(secret, config)
           ^^^^^^^^^^^^^^^^^^^^^^^^^^^^^^
E   ValueError: password cannot be longer than 72 bytes, truncate manually if necessary (e.g. my_password[:72])</failure></testcase><testcase classname="tests.test_authentication.TestMFA" name="test_verify_totp_code_valid" time="0.000" /><testcase classname="tests.test_authentication.TestMFA" name="test_verify_totp_code_invalid" time="0.000" /><testcase classname="tests.test_authorization.TestRolePermissions" name="test_user_role_has_correct_permissions" time="0.000" /><testcase classname="tests.test_authorization.TestRolePermissions" name="test_admin_role_has_all_permissions" time="0.000" /><testcase classname="tests.test_authorization.TestRolePermissions" name="test_get_user_role" time="0.007" /><testcase classname="tests.test_authorization.TestRolePermissions" name="test_get_role_permissions" time="0.000" /><testcase classname="tests.test_authorization.TestPermissionChecking" name="test_user_has_own_resource_permissions" time="0.002" /><testcase classname="tests.test_authorization.TestPermissionChecking" name="test_user_does_not_have_admin_permissions" time="0.002" /><testcase classname="tests.test_authorization.TestPermissionChecking" name="test_require_permission_success" time="0.002" /><testcase classname="tests.test_authorization.TestPermissionChecking" name="test_require_permission_failure" time="0.002" /><testcase classname="tests.test_authorization.TestDocumentOwnership" name="test_validate_own_document_success" time="0.004"><failure message="sqlalchemy.exc.OperationalError: (sqlite3.OperationalError) no such column: documents.category&#10;[SQL: SELECT documents.id AS documents_id, documents.user_id AS documents_user_id, documents.document_type AS documents_document_type, documents.category AS documents_category, documents.file_name AS documents_file_name, documents.s3_key AS documents_s3_key, documents.file_size AS documents_file_size, documents.upload_date AS documents_upload_date, documents.expiration_date AS documents_expiration_date, documents.expiration_status AS documents_expiration_status, documents.is_digilocker AS documents_is_digilocker, documents.digilocker_metadata AS documents_digilocker_metadata, documents.extracted_data AS documents_extracted_data, documents.extraction_confidence AS documents_extraction_confidence &#10;FROM documents &#10;WHERE documents.id = ?&#10; LIMIT ? OFFSET ?]&#10;[parameters: (1, 1, 0)]&#10;(Background on this error at: https://sqlalche.me/e/20/e3q8)">venv/lib/python3.14/site-packages/sqlalchemy/engine/base.py:1967: in _exec_single_context
    self.dialect.do_execute(
venv/lib/python3.14/site-packages/sqlalchemy/engine/default.py:952: in do_execute
    cursor.execute(statement, parameters)
E   sqlite3.OperationalError: no such column: documents.category

The above exception was the direct cause of the following exception:
tests/test_authorization.py:301: in test_validate_own_document_success
    document = auth_service.validate_document_ownership(
app/services/authorization.py:212: in validate_document_ownership
    document = db.query(Document).filter(Document.id == document_id).first()
               ^^^^^^^^^^^^^^^^^^^^^^^^^^^^^^^^^^^^^^^^^^^^^^^^^^^^^^^^^^^^^
venv/lib/python3.14/site-packages/sqlalchemy/orm/query.py:2759: in first
    return self.limit(1)._iter().first()  # type: ignore
           ^^^^^^^^^^^^^^^^^^^^^
venv/lib/python3.14/site-packages/sqlalchemy/orm/query.py:2857: in _iter
    result: Union[ScalarResult[_T], Result[_T]] = self.session.execute(
venv/lib/python3.14/site-packages/sqlalchemy/orm/session.py:2351: in execute
    return self._execute_internal(
venv/lib/python3.14/site-packages/sqlalchemy/orm/session.py:2249: in _execute_internal
    result: Result[Any] = compile_state_cls.orm_execute_statement(
venv/lib/python3.14/site-packages/sqlalchemy/orm/context.py:306: in orm_execute_statement
    result = conn.execute(
venv/lib/python3.14/site-packages/sqlalchemy/engine/base.py:1419: in execute
    return meth(
venv/lib/python3.14/site-packages/sqlalchemy/sql/elements.py:527: in _execute_on_connection
    return connection._execute_clauseelement(
venv/lib/python3.14/site-packages/sqlalchemy/engine/base.py:1641: in _execute_clauseelement
    ret = self._execute_context(
venv/lib/python3.14/site-packages/sqlalchemy/engine/base.py:1846: in _execute_context
    return self._exec_single_context(
venv/lib/python3.14/site-packages/sqlalchemy/engine/base.py:1986: in _exec_single_context
    self._handle_dbapi_exception(
venv/lib/python3.14/site-packages/sqlalchemy/engine/base.py:2363: in _handle_dbapi_exception
    raise sqlalchemy_exception.with_traceback(exc_info[2]) from e
venv/lib/python3.14/site-packages/sqlalchemy/engine/base.py:1967: in _exec_single_context
    self.dialect.do_execute(
venv/lib/python3.14/site-packages/sqlalchemy/engine/default.py:952: in do_execute
    cursor.execute(statement, parameters)
E   sqlalchemy.exc.OperationalError: (sqlite3.OperationalError) no such column: documents.category
E   [SQL: SELECT documents.id AS documents_id, documents.user_id AS documents_user_id, documents.document_type AS documents_document_type, documents.category AS documents_category, documents.file_name AS documents_file_name, documents.s3_key AS documents_s3_key, documents.file_size AS documents_file_size, documents.upload_date AS documents_upload_date, documents.expiration_date AS documents_expiration_date, documents.expiration_status AS documents_expiration_status, documents.is_digilocker AS documents_is_digilocker, documents.digilocker_metadata AS documents_digilocker_metadata, documents.extracted_data AS documents_extracted_data, documents.extraction_confidence AS documents_extraction_confidence 
E   FROM documents 
E   WHERE documents.id = ?
E    LIMIT ? OFFSET ?]
E   [parameters: (1, 1, 0)]
[...]
    user = asyncio.run(auth_service.register_user(registration, db))
           ^^^^^^^^^^^^^^^^^^^^^^^^^^^^^^^^^^^^^^^^^^^^^^^^^^^^^^^^^
/opt/homebrew/Cellar/python@3.14/3.14.3_1/Frameworks/Python.framework/Versions/3.14/lib/python3.14/asyncio/runners.py:204: in run
    return runner.run(main)
           ^^^^^^^^^^^^^^^^
/opt/homebrew/Cellar/python@3.14/3.14.3_1/Frameworks/Python.framework/Versions/3.14/lib/python3.14/asyncio/runners.py:127: in run
    return self._loop.run_until_complete(task)
           ^^^^^^^^^^^^^^^^^^^^^^^^^^^^^^^^^^^
/opt/homebrew/Cellar/python@3.14/3.14.3_1/Frameworks/Python.framework/Versions/3.14/lib/python3.14/asyncio/base_events.py:719: in run_until_complete
    return future.result()
           ^^^^^^^^^^^^^^^
app/services/authentication.py:270: in register_user
    hashed_password = self.hash_password(registration.password)
                      ^^^^^^^^^^^^^^^^^^^^^^^^^^^^^^^^^^^^^^^^^
app/services/authentication.py:137: in hash_password
    return self.pwd_context.hash(password)
           ^^^^^^^^^^^^^^^^^^^^^^^^^^^^^^^
venv/lib/python3.14/site-packages/passlib/context.py:2258: in hash
    return record.hash(secret, **kwds)
           ^^^^^^^^^^^^^^^^^^^^^^^^^^^
venv/lib/python3.14/site-packages/passlib/utils/handlers.py:779: in hash
    self.checksum = self._calc_checksum(secret)
                    ^^^^^^^^^^^^^^^^^^^^^^^^^^^
venv/lib/python3.14/site-packages/passlib/handlers/bcrypt.py:591: in _calc_checksum
    self._stub_requires_backend()
venv/lib/python3.14/site-packages/passlib/utils/handlers.py:2254: in _stub_requires_backend
    cls.set_backend()
venv/lib/python3.14/site-packages/passlib/utils/handlers.py:2156: in set_backend
    return owner.set_backend(name, dryrun=dryrun)
           ^^^^^^^^^^^^^^^^^^^^^^^^^^^^^^^^^^^^^^
venv/lib/python3.14/site-packages/passlib/utils/handlers.py:2163: in set_backend
    return cls.set_backend(name, dryrun=dryrun)
           ^^^^^^^^^^^^^^^^^^^^^^^^^^^^^^^^^^^^
venv/lib/python3.14/site-packages/passlib/utils/handlers.py:2188: in set_backend
    cls._set_backend(name, dryrun)
venv/lib/python3.14/site-packages/passlib/utils/handlers.py:2311: in _set_backend
    super(SubclassBackendMixin, cls)._set_backend(name, dryrun)
venv/lib/python3.14/site-packages/passlib/utils/handlers.py:2224: in _set_backend
    ok = loader(**kwds)
         ^^^^^^^^^^^^^^
venv/lib/python3.14/site-packages/passlib/handlers/bcrypt.py:626: in _load_backend_mixin
    return mixin_cls._finalize_backend_mixin(name, dryrun)
           ^^^^^^^^^^^^^^^^^^^^^^^^^^^^^^^^^^^^^^^^^^^^^^^
venv/lib/python3.14/site-packages/passlib/handlers/bcrypt.py:421: in _finalize_backend_mixin
    if detect_wrap_bug(IDENT_2A):
       ^^^^^^^^^^^^^^^^^^^^^^^^^
venv/lib/python3.14/site-packages/passlib/handlers/bcrypt.py:380: in detect_wrap_bug
    if verify(secret, bug_hash):
       ^^^^^^^^^^^^^^^^^^^^^^^^
venv/lib/python3.14/site-packages/passlib/utils/handlers.py:792: in verify
    return consteq(self._calc_checksum(secret), chk)
                   ^^^^^^^^^^^^^^^^^^^^^^^^^^^
venv/lib/python3.14/site-packages/passlib/handlers/bcrypt.py:655: in _calc_checksum
    hash = _bcrypt.hashpw(secret, config)
           ^^^^^^^^^^^^^^^^^^^^^^^^^^^^^^
E   ValueError: password cannot be longer than 72 bytes, truncate manually if necessary (e.g. my_password[:72])</failure></testcase><testcase classname="tests.test_security.TestSecurityIntegration" name="test_session_authentication_integration" time="0.009"><failure message="ValueError: password cannot be longer than 72 bytes, truncate manually if necessary (e.g. my_password[:72])">tests/test_security.py:767: in test_session_authentication_integration
    user = asyncio.run(auth_service.register_user(registration, db))
           ^^^^^^^^^^^^^^^^^^^^^^^^^^^^^^^^^^^^^^^^^^^^^^^^^^^^^^^^^
/opt/homebrew/Cellar/python@3.14/3.14.3_1/Frameworks/Python.framework/Versions/3.14/lib/python3.14/asyncio/runners.py:204: in run
    return runner.run(main)
           ^^^^^^^^^^^^^^^^
/opt/homebrew/Cellar/python@3.14/3.14.3_1/Frameworks/Python.framework/Versions/3.14/lib/python3.14/asyncio/runners.py:127: in run
    return self._loop.run_until_complete(task)
           ^^^^^^^^^^^^^^^^^^^^^^^^^^^^^^^^^^^
/opt/homebrew/Cellar/python@3.14/3.14.3_1/Frameworks/Python.framework/Versions/3.14/lib/python3.14/asyncio/base_events.py:719: in run_until_complete
    return future.result()
           ^^^^^^^^^^^^^^^
app/services/authentication.py:270: in register_user
    hashed_password = self.hash_password(registration.password)
                      ^^^^^^^^^^^^^^^^^^^^^^^^^^^^^^^^^^^^^^^^^
app/services/authentication.py:137: in hash_password
    return self.pwd_context.hash(password)
           ^^^^^^^^^^^^^^^^^^^^^^^^^^^^^^^
venv/lib/python3.14/site-packages/passlib/context.py:2258: in hash
    return record.hash(secret, **kwds)
           ^^^^^^^^^^^^^^^^^^^^^^^^^^^
venv/lib/python3.14/site-packages/passlib/utils/handlers.py:779: in hash
    self.checksum = self._calc_checksum(secret)
                    ^^^^^^^^^^^^^^^^^^^^^^^^^^^
venv/lib/python3.14/site-packages/passlib/handlers/bcrypt.py:591: in _calc_checksum
    self._stub_requires_backend()
venv/lib/python3.14/site-packages/passlib/utils/handlers.py:2254: in _stub_requires_backend
    cls.set_backend()
venv/lib/python3.14/site-packages/passlib/utils/handlers.py:2156: in set_backend
    return owner.set_backend(name, dryrun=dryrun)
           ^^^^^^^^^^^^^^^^^^^^^^^^^^^^^^^^^^^^^^
venv/lib/python3.14/site-packages/passlib/utils/handlers.py:2163: in set_backend
    return cls.set_backend(name, dryrun=dryrun)
           ^^^^^^^^^^^^^^^^^^^^^^^^^^^^^^^^^^^^
venv/lib/python3.14/site-packages/passlib/utils/handlers.py:2188: in set_backend
    cls._set_backend(name, dryrun)
venv/lib/python3.14/site-packages/passlib/utils/handlers.py:2311: in _set_backend
    super(SubclassBackendMixin, cls)._set_backend(name, dryrun)
venv/lib/python3.14/site-packages/passlib/utils/handlers.py:2224: in _set_backend
    ok = loader(**kwds)
         ^^^^^^^^^^^^^^
venv/lib/python3.14/site-packages/passlib/handlers/bcrypt.py:626: in _load_backend_mixin
    return mixin_cls._finalize_backend_mixin(name, dryrun)
           ^^^^^^^^^^^^^^^^^^^^^^^^^^^^^^^^^^^^^^^^^^^^^^^
venv/lib/python3.14/site-packages/passlib/handlers/bcrypt.py:421: in _finalize_backend_mixin
    if detect_wrap_bug(IDENT_2A):
       ^^^^^^^^^^^^^^^^^^^^^^^^^
venv/lib/python3.14/site-packages/passlib/handlers/bcrypt.py:380: in detect_wrap_bug
    if verify(secret, bug_hash):
       ^^^^^^^^^^^^^^^^^^^^^^^^
venv/lib/python3.14/site-packages/passlib/utils/handlers.py:792: in verify
    return consteq(self._calc_checksum(secret), chk)
                   ^^^^^^^^^^^^^^^^^^^^^^^^^^^
venv/lib/python3.14/site-packages/passlib/handlers/bcrypt.py:655: in _calc_checksum
    hash = _bcrypt.hashpw(secret, config)
           ^^^^^^^^^^^^^^^^^^^^^^^^^^^^^^
E   ValueError: password cannot be longer than 72 bytes, truncate manually if necessary (e.g. my_password[:72])</failure></testcase><testcase classname="tests.test_security.TestSecurityIntegration" name="test_multi_user_isolation_comprehensive" time="0.010"><failure message="ValueError: password cannot be longer than 72 bytes, truncate manually if necessary (e.g. my_password[:72])">tests/test_security.py:818: in test_multi_user_isolation_comprehensive
    user1 = asyncio.run(auth_service.register_user(user1_reg, db))
            ^^^^^^^^^^^^^^^^^^^^^^^^^^^^^^^^^^^^^^^^^^^^^^^^^^^^^^
/opt/homebrew/Cellar/python@3.14/3.14.3_1/Frameworks/Python.framework/Versions/3.14/lib/python3.14/asyncio/runners.py:204: in run
    return runner.run(main)
           ^^^^^^^^^^^^^^^^
/opt/homebrew/Cellar/python@3.14/3.14.3_1/Frameworks/Python.framework/Versions/3.14/lib/python3.14/asyncio/runners.py:127: in run
    return self._loop.run_until_complete(task)
           ^^^^^^^^^^^^^^^^^^^^^^^^^^^^^^^^^^^
/opt/homebrew/Cellar/python@3.14/3.14.3_1/Frameworks/Python.framework/Versions/3.14/lib/python3.14/asyncio/base_events.py:719: in run_until_complete
    return future.result()
           ^^^^^^^^^^^^^^^
app/services/authentication.py:270: in register_user
    hashed_password = self.hash_password(registration.password)
                      ^^^^^^^^^^^^^^^^^^^^^^^^^^^^^^^^^^^^^^^^^
app/services/authentication.py:137: in hash_password
    return self.pwd_context.hash(password)
           ^^^^^^^^^^^^^^^^^^^^^^^^^^^^^^^
venv/lib/python3.14/site-packages/passlib/context.py:2258: in hash
    return record.hash(secret, **kwds)
           ^^^^^^^^^^^^^^^^^^^^^^^^^^^
venv/lib/python3.14/site-packages/passlib/utils/handlers.py:779: in hash
    self.checksum = self._calc_checksum(secret)
                    ^^^^^^^^^^^^^^^^^^^^^^^^^^^
venv/lib/python3.14/site-packages/passlib/handlers/bcrypt.py:591: in _calc_checksum
    self._stub_requires_backend()
venv/lib/python3.14/site-packages/passlib/utils/handlers.py:2254: in _stub_requires_backend
    cls.set_backend()
venv/lib/python3.14/site-packages/passlib/utils/handlers.py:2156: in set_backend
    return owner.set_backend(name, dryrun=dryrun)
           ^^^^^^^^^^^^^^^^^^^^^^^^^^^^^^^^^^^^^^
venv/lib/python3.14/site-packages/passlib/utils/handlers.py:2163: in set_backend
    return cls.set_backend(name, dryrun=dryrun)
           ^^^^^^^^^^^^^^^^^^^^^^^^^^^^^^^^^^^^
venv/lib/python3.14/site-packages/passlib/utils/handlers.py:2188: in set_backend
    cls._set_backend(name, dryrun)
venv/lib/python3.14/site-packages/passlib/utils/handlers.py:2311: in _set_backend
    super(SubclassBackendMixin, cls)._set_backend(name, dryrun)
venv/lib/python3.14/site-packages/passlib/utils/handlers.py:2224: in _set_backend
    ok = loader(**kwds)
         ^^^^^^^^^^^^^^
venv/lib/python3.14/site-packages/passlib/handlers/bcrypt.py:626: in _load_backend_mixin
    return mixin_cls._finalize_backend_mixin(name, dryrun)
           ^^^^^^^^^^^^^^^^^^^^^^^^^^^^^^^^^^^^^^^^^^^^^^^
venv/lib/python3.14/site-packages/passlib/handlers/bcrypt.py:421: in _finalize_backend_mixin
    if detect_wrap_bug(IDENT_2A):
       ^^^^^^^^^^^^^^^^^^^^^^^^^
venv/lib/python3.14/site-packages/passlib/handlers/bcrypt.py:380: in detect_wrap_bug
    if verify(secret, bug_hash):
       ^^^^^^^^^^^^^^^^^^^^^^^^
venv/lib/python3.14/site-packages/passlib/utils/handlers.py:792: in verify
    return consteq(self._calc_checksum(secret), chk)
                   ^^^^^^^^^^^^^^^^^^^^^^^^^^^
venv/lib/python3.14/site-packages/passlib/handlers/bcrypt.py:655: in _calc_checksum
    hash = _bcrypt.hashpw(secret, config)
           ^^^^^^^^^^^^^^^^^^^^^^^^^^^^^^
E   ValueError: password cannot be longer than 72 bytes, truncate manually if necessary (e.g. my_password[:72])</failure></testcase><testcase classname="tests.test_session_manager.TestSessionCreation" name="test_create_session_basic" time="0.003" /><testcase classname="tests.test_session_manager.TestSessionCreation" name="test_create_session_stores_data" time="0.002" /><testcase classname="tests.test_session_manager.TestSessionCreation" name="test_create_session_default_language" time="0.001" /><testcase classname="tests.test_session_manager.TestSessionCreation" name="test_create_multiple_sessions" time="0.003" /><testcase classname="tests.test_session_manager.TestContextStorageAndRetrieval" name="test_update_context_basic" time="0.002" /><testcase classname="tests.test_session_manager.TestContextStorageAndRetrieval" name="test_update_context_multiple_keys" time="0.002" /><testcase classname="tests.test_session_manager.TestContextStorageAndRetrieval" name="test_update_context_overwrite" time="0.002" /><testcase classname="tests.test_session_manager.TestContextStorageAndRetrieval" name="test_get_context_nonexistent_key" time="0.001" /><testcase classname="tests.test_session_manager.TestContextStorageAndRetrieval" name="test_update_context_invalid_session" time="0.001" /><testcase classname="tests.test_session_manager.TestContextStorageAndRetrieval" name="test_get_context_invalid_session" time="0.001" /><testcase classname="tests.test_session_manager.TestContextStorageAndRetrieval" name="test_context_with_complex_data_types" time="0.002" /><testcase classname="tests.test_session_manager.TestSensitiveDataClearing" name="test_clear_sensitive_data_basic" time="0.002" /><testcase classname="tests.test_session_manager.TestSensitiveDataClearing" name="test_clear_sensitive_data_all_types" time="0.003" /><testcase classname="tests.test_session_manager.TestSensitiveDataClearing" name="test_clear_sensitive_data_session_remains_active" time="0.002" /><testcase classname="tests.test_session_manager.TestSensitiveDataClearing" name="test_clear_sensitive_data_invalid_session" time="0.001" /><testcase classname="tests.test_session_manager.TestSessionCleanup" name="test_end_session_basic" time="0.002" /><testcase classname="tests.test_session_manager.TestSessionCleanup" name="test_end_session_removes_all_data" time="0.002" /><testcase classname="tests.test_session_manager.TestSessionCleanup" name="test_end_session_invalid_session" time="0.001" /><testcase classname="tests.test_session_manager.TestSessionCleanup" name="test_end_session_idempotent" time="0.002" /><testcase classname="tests.test_session_manager.TestSessionCleanup" name="test_end_session_isolation" time="0.003" /><testcase classname="tests.test_session_manager.TestSessionTimeout" name="test_session_has_expiration" time="0.002" /><testcase classname="tests.test_session_manager.TestSessionTimeout" name="test_extend_session_basic" time="0.001" /><testcase classname="tests.test_session_manager.TestSessionTimeout" name="test_extend_session_invalid" time="0.001" /><testcase classname="tests.test_session_manager.TestSessionTimeout" name="test_extend_session_after_end" time="0.002" /><testcase classname="tests.test_session_manager.TestSessionTimeout" name="test_session_expiration_simulation" time="0.001" /><testcase classname="tests.test_session_manager.TestSessionTimeout" name="test_update_context_extends_timeout" time="0.107" /><testcase classname="tests.test_session_manager.TestSessionRetrieval" name="test_get_session_basic" time="0.003" /><testcase classname="tests.test_session_manager.TestSessionRetrieval" name="test_get_session_nonexistent" time="0.001" /><testcase classname="tests.test_session_manager.TestSessionRetrieval" name="test_get_session_structure" time="0.002" /><testcase classname="tests.test_session_manager.TestEdgeCases" name="test_empty_context_key" time="0.002" /><testcase classname="tests.test_session_manager.TestEdgeCases" name="test_none_context_value" time="0.002" /><testcase classname="tests.test_session_manager.TestEdgeCases" name="test_large_context_data" time="0.002" /><testcase classname="tests.test_session_manager.TestEdgeCases" name="test_special_characters_in_keys" time="0.002" /><testcase classname="tests.test_session_manager.TestEdgeCases" name="test_unicode_in_context" time="0.003" /><testcase classname="tests.test_speech_api" name="test_speech_engine_initialization" time="0.000" /><testcase classname="tests.test_speech_api" name="test_set_language_valid" time="0.000" /><testcase classname="tests.test_speech_api" name="test_set_language_invalid" time="0.000" /><testcase classname="tests.test_speech_api" name="test_check_audio_quality_good" time="0.000" /><testcase classname="tests.test_speech_api" name="test_check_audio_quality_poor" time="0.000" /><testcase classname="tests.test_speech_api" name="test_transcribe_audio_success" time="0.000" /><testcase classname="tests.test_speech_api" name="test_transcribe_audio_with_language" time="0.000" /><testcase classname="tests.test_speech_api" name="test_transcribe_audio_stores_history" time="0.000" /><testcase classname="tests.test_speech_api" name="test_recognize_voice_command_valid" time="0.000" /><testcase classname="tests.test_speech_api" name="test_recognize_voice_command_invalid" time="0.000" /><testcase classname="tests.test_speech_api" name="test_recognize_voice_command_hindi" time="0.000" /><testcase classname="tests.test_speech_api" name="test_process_voice_input_general" time="0.000" /><testcase classname="tests.test_speech_api" name="test_process_voice_input_command_context" time="0.000" /><testcase classname="tests.test_speech_api" name="test_validate_field_input_number" time="0.000" /><testcase classname="tests.test_speech_api" name="test_validate_field_input_email" time="0.000" /><testcase classname="tests.test_speech_api" name="test_validate_field_input_date" time="0.000" /><testcase classname="tests.test_speech_api" name="test_get_voice_command_help_english" time="0.000" /><testcase classname="tests.test_speech_api" name="test_get_voice_command_help_hindi" time="0.000" /><testcase classname="tests.test_speech_api" name="test_enable_continuous_listening" time="0.000" /><testcase classname="tests.test_speech_api" name="test_disable_continuous_listening" time="0.000" /><testcase classname="tests.test_speech_api" name="test_get_transcription_history" time="0.000" /><testcase classname="tests.test_speech_api" name="test_get_transcription_history_excludes_sensitive" time="0.000" /><testcase classname="tests.test_speech_api" name="test_get_transcription_history_includes_sensitive" time="0.000" /><testcase classname="tests.test_speech_api" name="test_get_transcription_history_limit" time="0.000" /><testcase classname="tests.test_speech_api" name="test_full_transcription_workflow" time="0.000" /><testcase classname="tests.test_speech_api" name="test_voice_command_workflow" time="0.000" /><testcase classname="tests.test_speech_api" name="test_multi_language_workflow" time="0.000" /><testcase classname="tests.test_speech_api" name="test_field_validation_workflow" time="0.000" /><testcase classname="tests.test_speech_api" name="test_transcribe_very_short_audio" time="0.000" /><testcase classname="tests.test_speech_api" name="test_transcribe_very_long_audio" time="0.000" /><testcase classname="tests.test_speech_api" name="test_multiple_language_switches" time="0.000" /><testcase classname="tests.test_speech_api" name="test_concurrent_transcriptions" time="0.000" /><testcase classname="tests.test_speech_api" name="test_voice_command_case_insensitive" time="0.000" /><testcase classname="tests.test_speech_api" name="test_voice_command_with_extra_words" time="0.000" /><testcase classname="tests.test_speech_api" name="test_transcription_history_privacy" time="0.000" /><testcase classname="tests.test_speech_api" name="test_audio_quality_recommendations" time="0.000" /><testcase classname="tests.test_speech_api" name="test_confidence_threshold_for_confirmation" time="0.000" /></testsuite></testsuites>